  [1m[35m (3.9ms)[0m  [1m[34mSELECT sqlite_version(*)[0m
  [1m[35m (6.7ms)[0m  [1m[35mCREATE TABLE "schema_migrations" ("version" varchar NOT NULL PRIMARY KEY)[0m
  [1m[35m (3.2ms)[0m  [1m[35mCREATE TABLE "ar_internal_metadata" ("key" varchar NOT NULL PRIMARY KEY, "value" varchar, "created_at" datetime(6) NOT NULL, "updated_at" datetime(6) NOT NULL)[0m
  [1m[35m (0.2ms)[0m  [1m[34mSELECT "schema_migrations"."version" FROM "schema_migrations" ORDER BY "schema_migrations"."version" ASC[0m
Migrating to CreateDoctors (20200206112314)
  [1m[35m (0.1ms)[0m  [1m[36mbegin transaction[0m
  [1m[35m (1.2ms)[0m  [1m[35mCREATE TABLE "doctors" ("id" integer PRIMARY KEY AUTOINCREMENT NOT NULL, "first_name" varchar, "last_name" varchar, "specialty" varchar, "zip_code" varchar, "created_at" datetime(6) NOT NULL, "updated_at" datetime(6) NOT NULL)[0m
  [1m[36mprimary::SchemaMigration Create (0.3ms)[0m  [1m[32mINSERT INTO "schema_migrations" ("version") VALUES (?)[0m  [["version", "20200206112314"]]
  [1m[35m (6.4ms)[0m  [1m[36mcommit transaction[0m
Migrating to CreatePatients (20200206112344)
  [1m[35m (0.1ms)[0m  [1m[36mbegin transaction[0m
  [1m[35m (0.4ms)[0m  [1m[35mCREATE TABLE "patients" ("id" integer PRIMARY KEY AUTOINCREMENT NOT NULL, "first_name" varchar, "last_name" varchar, "created_at" datetime(6) NOT NULL, "updated_at" datetime(6) NOT NULL)[0m
  [1m[36mprimary::SchemaMigration Create (0.2ms)[0m  [1m[32mINSERT INTO "schema_migrations" ("version") VALUES (?)[0m  [["version", "20200206112344"]]
  [1m[35m (3.3ms)[0m  [1m[36mcommit transaction[0m
Migrating to CreateAppointments (20200206112352)
  [1m[35m (0.1ms)[0m  [1m[36mbegin transaction[0m
  [1m[35m (0.4ms)[0m  [1m[35mCREATE TABLE "appointments" ("id" integer PRIMARY KEY AUTOINCREMENT NOT NULL, "date" datetime, "doctor_id" integer, "patient_id" integer, "created_at" datetime(6) NOT NULL, "updated_at" datetime(6) NOT NULL)[0m
  [1m[35m (0.1ms)[0m  [1m[35mCREATE  INDEX "index_appointments_on_doctor_id" ON "appointments" ("doctor_id")[0m
  [1m[35m (0.2ms)[0m  [1m[35mCREATE  INDEX "index_appointments_on_patient_id" ON "appointments" ("patient_id")[0m
  [1m[36mprimary::SchemaMigration Create (0.2ms)[0m  [1m[32mINSERT INTO "schema_migrations" ("version") VALUES (?)[0m  [["version", "20200206112352"]]
  [1m[35m (2.7ms)[0m  [1m[36mcommit transaction[0m
  [1m[36mActiveRecord::InternalMetadata Load (0.2ms)[0m  [1m[34mSELECT "ar_internal_metadata".* FROM "ar_internal_metadata" WHERE "ar_internal_metadata"."key" = ? LIMIT ?[0m  [["key", "environment"], ["LIMIT", 1]]
  [1m[35m (0.1ms)[0m  [1m[36mbegin transaction[0m
  [1m[36mActiveRecord::InternalMetadata Create (0.4ms)[0m  [1m[32mINSERT INTO "ar_internal_metadata" ("key", "value", "created_at", "updated_at") VALUES (?, ?, ?, ?)[0m  [["key", "environment"], ["value", "development"], ["created_at", "2020-02-06 11:32:50.867516"], ["updated_at", "2020-02-06 11:32:50.867516"]]
  [1m[35m (3.3ms)[0m  [1m[36mcommit transaction[0m
  [1m[35m (0.1ms)[0m  [1m[34mSELECT sqlite_version(*)[0m
  [1m[35m (0.3ms)[0m  [1m[34mSELECT "schema_migrations"."version" FROM "schema_migrations" ORDER BY "schema_migrations"."version" ASC[0m
  [1m[35m (0.9ms)[0m  [1m[34mSELECT sqlite_version(*)[0m
  [1m[35m (0.2ms)[0m  [1m[34mSELECT "schema_migrations"."version" FROM "schema_migrations" ORDER BY "schema_migrations"."version" ASC[0m
  [1m[35m (4.1ms)[0m  [1m[34mSELECT sqlite_version(*)[0m
  [1m[35m (0.1ms)[0m  [1m[36mbegin transaction[0m
  [1m[36mPatient Create (3.3ms)[0m  [1m[32mINSERT INTO "patients" ("first_name", "last_name", "created_at", "updated_at") VALUES (?, ?, ?, ?)[0m  [["first_name", "Mat"], ["last_name", "Farge"], ["created_at", "2020-02-06 11:34:11.464725"], ["updated_at", "2020-02-06 11:34:11.464725"]]
  [1m[35m (3.7ms)[0m  [1m[36mcommit transaction[0m
  [1m[35m (0.2ms)[0m  [1m[36mbegin transaction[0m
  [1m[36mDoctor Create (2.9ms)[0m  [1m[32mINSERT INTO "doctors" ("first_name", "last_name", "specialty", "zip_code", "created_at", "updated_at") VALUES (?, ?, ?, ?, ?, ?)[0m  [["first_name", "Dr."], ["last_name", "Buisson"], ["specialty", "Generalist"], ["zip_code", "67000"], ["created_at", "2020-02-06 11:37:07.103962"], ["updated_at", "2020-02-06 11:37:07.103962"]]
  [1m[36mAppointment Create (2.9ms)[0m  [1m[32mINSERT INTO "appointments" ("doctor_id", "patient_id", "created_at", "updated_at") VALUES (?, ?, ?, ?)[0m  [["doctor_id", 1], ["patient_id", 1], ["created_at", "2020-02-06 11:37:07.110572"], ["updated_at", "2020-02-06 11:37:07.110572"]]
  [1m[35m (3.5ms)[0m  [1m[36mcommit transaction[0m
  [1m[36mPatient Load (0.4ms)[0m  [1m[34mSELECT "patients".* FROM "patients" INNER JOIN "appointments" ON "patients"."id" = "appointments"."patient_id" WHERE "appointments"."doctor_id" = ? LIMIT ?[0m  [["doctor_id", 1], ["LIMIT", 11]]
  [1m[36mAppointment Load (0.4ms)[0m  [1m[34mSELECT "appointments".* FROM "appointments" WHERE "appointments"."doctor_id" = ? LIMIT ?[0m  [["doctor_id", 1], ["LIMIT", 11]]
  [1m[36mDoctor Load (0.4ms)[0m  [1m[34mSELECT "doctors".* FROM "doctors" INNER JOIN "appointments" ON "doctors"."id" = "appointments"."doctor_id" WHERE "appointments"."patient_id" = ? LIMIT ?[0m  [["patient_id", 1], ["LIMIT", 11]]
  [1m[35m (4.2ms)[0m  [1m[34mSELECT sqlite_version(*)[0m
  [1m[35m (2.4ms)[0m  [1m[34mSELECT "schema_migrations"."version" FROM "schema_migrations" ORDER BY "schema_migrations"."version" ASC[0m
  [1m[35m (4.4ms)[0m  [1m[34mSELECT sqlite_version(*)[0m
  [1m[35m (2.5ms)[0m  [1m[34mSELECT "schema_migrations"."version" FROM "schema_migrations" ORDER BY "schema_migrations"."version" ASC[0m
Migrating to CreateCities (20200206130311)
  [1m[35m (0.5ms)[0m  [1m[36mbegin transaction[0m
  [1m[35m (1.0ms)[0m  [1m[35mALTER TABLE "cities" ADD "doctor_id" integer[0m
  [1m[35m (0.1ms)[0m  [1m[31mrollback transaction[0m
  [1m[35m (4.2ms)[0m  [1m[34mSELECT sqlite_version(*)[0m
  [1m[35m (2.4ms)[0m  [1m[34mSELECT "schema_migrations"."version" FROM "schema_migrations" ORDER BY "schema_migrations"."version" ASC[0m
  [1m[35m (4.3ms)[0m  [1m[34mSELECT sqlite_version(*)[0m
  [1m[35m (2.5ms)[0m  [1m[34mSELECT "schema_migrations"."version" FROM "schema_migrations" ORDER BY "schema_migrations"."version" ASC[0m
Migrating to CreateCities (20200206130311)
  [1m[35m (0.3ms)[0m  [1m[36mbegin transaction[0m
  [1m[35m (0.8ms)[0m  [1m[35mCREATE TABLE "cities" ("id" integer PRIMARY KEY AUTOINCREMENT NOT NULL, "city_name" varchar, "created_at" datetime(6) NOT NULL, "updated_at" datetime(6) NOT NULL)[0m
  [1m[36mprimary::SchemaMigration Create (2.4ms)[0m  [1m[32mINSERT INTO "schema_migrations" ("version") VALUES (?)[0m  [["version", "20200206130311"]]
  [1m[35m (3.1ms)[0m  [1m[36mcommit transaction[0m
  [1m[36mActiveRecord::InternalMetadata Load (2.9ms)[0m  [1m[34mSELECT "ar_internal_metadata".* FROM "ar_internal_metadata" WHERE "ar_internal_metadata"."key" = ? LIMIT ?[0m  [["key", "environment"], ["LIMIT", 1]]
  [1m[35m (0.1ms)[0m  [1m[34mSELECT sqlite_version(*)[0m
  [1m[35m (0.1ms)[0m  [1m[34mSELECT "schema_migrations"."version" FROM "schema_migrations" ORDER BY "schema_migrations"."version" ASC[0m
  [1m[35m (4.4ms)[0m  [1m[34mSELECT sqlite_version(*)[0m
  [1m[35m (1.9ms)[0m  [1m[34mSELECT "schema_migrations"."version" FROM "schema_migrations" ORDER BY "schema_migrations"."version" ASC[0m
  [1m[35m (4.2ms)[0m  [1m[34mSELECT sqlite_version(*)[0m
  [1m[35m (0.6ms)[0m  [1m[34mSELECT "schema_migrations"."version" FROM "schema_migrations" ORDER BY "schema_migrations"."version" ASC[0m
Migrating to AddCityToTable (20200206133612)
  [1m[35m (0.3ms)[0m  [1m[36mbegin transaction[0m
  [1m[35m (1.6ms)[0m  [1m[35mALTER TABLE "cities" ADD "doctor_id" integer[0m
  [1m[35m (0.5ms)[0m  [1m[35mCREATE  INDEX "index_cities_on_doctor_id" ON "cities" ("doctor_id")[0m
  [1m[35m (0.1ms)[0m  [1m[35mPRAGMA foreign_keys[0m
  [1m[35m (0.0ms)[0m  [1m[35mPRAGMA defer_foreign_keys[0m
  [1m[35m (0.0ms)[0m  [1m[35mPRAGMA defer_foreign_keys = ON[0m
  [1m[35m (0.0ms)[0m  [1m[35mPRAGMA foreign_keys = OFF[0m
  [1m[35m (0.2ms)[0m  [1m[35mCREATE TEMPORARY TABLE "acities" ("id" integer NOT NULL PRIMARY KEY, "city_name" varchar DEFAULT NULL, "created_at" datetime(6) NOT NULL, "updated_at" datetime(6) NOT NULL, "doctor_id" integer DEFAULT NULL)[0m
  [1m[35m (0.6ms)[0m  [1m[35mCREATE  INDEX "tindex_acities_on_doctor_id" ON "acities" ("doctor_id")[0m
  [1m[35m (0.1ms)[0m  [1m[32mINSERT INTO "acities" ("id","city_name","created_at","updated_at","doctor_id")
                     SELECT "id","city_name","created_at","updated_at","doctor_id" FROM "cities"[0m
  [1m[35m (2.2ms)[0m  [1m[35mDROP TABLE "cities"[0m
  [1m[35m (0.2ms)[0m  [1m[35mCREATE TABLE "cities" ("id" integer NOT NULL PRIMARY KEY, "city_name" varchar DEFAULT NULL, "created_at" datetime(6) NOT NULL, "updated_at" datetime(6) NOT NULL, "doctor_id" integer DEFAULT NULL, CONSTRAINT "fk_rails_625c9c088b"
FOREIGN KEY ("doctor_id")
  REFERENCES "doctors" ("id")
)[0m
  [1m[35m (0.1ms)[0m  [1m[35mCREATE  INDEX "index_cities_on_doctor_id" ON "cities" ("doctor_id")[0m
  [1m[35m (0.1ms)[0m  [1m[32mINSERT INTO "cities" ("id","city_name","created_at","updated_at","doctor_id")
                     SELECT "id","city_name","created_at","updated_at","doctor_id" FROM "acities"[0m
  [1m[35m (0.5ms)[0m  [1m[35mDROP TABLE "acities"[0m
  [1m[35m (0.1ms)[0m  [1m[35mPRAGMA defer_foreign_keys = 0[0m
  [1m[35m (0.0ms)[0m  [1m[35mPRAGMA foreign_keys = 1[0m
  [1m[35m (0.3ms)[0m  [1m[35mALTER TABLE "cities" ADD "patient_id" integer[0m
  [1m[35m (0.1ms)[0m  [1m[35mCREATE  INDEX "index_cities_on_patient_id" ON "cities" ("patient_id")[0m
  [1m[35m (0.0ms)[0m  [1m[35mPRAGMA foreign_keys[0m
  [1m[35m (0.0ms)[0m  [1m[35mPRAGMA defer_foreign_keys[0m
  [1m[35m (0.1ms)[0m  [1m[35mPRAGMA defer_foreign_keys = ON[0m
  [1m[35m (0.1ms)[0m  [1m[35mPRAGMA foreign_keys = OFF[0m
  [1m[35m (0.2ms)[0m  [1m[35mCREATE TEMPORARY TABLE "acities" ("id" integer NOT NULL PRIMARY KEY, "city_name" varchar DEFAULT NULL, "created_at" datetime(6) NOT NULL, "updated_at" datetime(6) NOT NULL, "doctor_id" integer DEFAULT NULL, "patient_id" integer DEFAULT NULL)[0m
  [1m[35m (0.1ms)[0m  [1m[35mCREATE  INDEX "tindex_acities_on_patient_id" ON "acities" ("patient_id")[0m
  [1m[35m (0.2ms)[0m  [1m[35mCREATE  INDEX "tindex_acities_on_doctor_id" ON "acities" ("doctor_id")[0m
  [1m[35m (0.1ms)[0m  [1m[32mINSERT INTO "acities" ("id","city_name","created_at","updated_at","doctor_id","patient_id")
                     SELECT "id","city_name","created_at","updated_at","doctor_id","patient_id" FROM "cities"[0m
  [1m[35m (0.1ms)[0m  [1m[35mDROP TABLE "cities"[0m
  [1m[35m (0.1ms)[0m  [1m[35mCREATE TABLE "cities" ("id" integer NOT NULL PRIMARY KEY, "city_name" varchar DEFAULT NULL, "created_at" datetime(6) NOT NULL, "updated_at" datetime(6) NOT NULL, "doctor_id" integer DEFAULT NULL, "patient_id" integer DEFAULT NULL, CONSTRAINT "fk_rails_625c9c088b"
FOREIGN KEY ("doctor_id")
  REFERENCES "doctors" ("id")
, CONSTRAINT "fk_rails_16e1319439"
FOREIGN KEY ("patient_id")
  REFERENCES "patients" ("id")
)[0m
  [1m[35m (0.1ms)[0m  [1m[35mCREATE  INDEX "index_cities_on_doctor_id" ON "cities" ("doctor_id")[0m
  [1m[35m (0.2ms)[0m  [1m[35mCREATE  INDEX "index_cities_on_patient_id" ON "cities" ("patient_id")[0m
  [1m[35m (0.1ms)[0m  [1m[32mINSERT INTO "cities" ("id","city_name","created_at","updated_at","doctor_id","patient_id")
                     SELECT "id","city_name","created_at","updated_at","doctor_id","patient_id" FROM "acities"[0m
  [1m[35m (0.1ms)[0m  [1m[35mDROP TABLE "acities"[0m
  [1m[35m (0.1ms)[0m  [1m[35mPRAGMA defer_foreign_keys = 0[0m
  [1m[35m (0.1ms)[0m  [1m[35mPRAGMA foreign_keys = 1[0m
  [1m[35m (0.3ms)[0m  [1m[35mALTER TABLE "cities" ADD "appointment_id" integer[0m
  [1m[35m (0.1ms)[0m  [1m[35mCREATE  INDEX "index_cities_on_appointment_id" ON "cities" ("appointment_id")[0m
  [1m[35m (0.0ms)[0m  [1m[35mPRAGMA foreign_keys[0m
  [1m[35m (0.0ms)[0m  [1m[35mPRAGMA defer_foreign_keys[0m
  [1m[35m (0.0ms)[0m  [1m[35mPRAGMA defer_foreign_keys = ON[0m
  [1m[35m (0.0ms)[0m  [1m[35mPRAGMA foreign_keys = OFF[0m
  [1m[35m (0.2ms)[0m  [1m[35mCREATE TEMPORARY TABLE "acities" ("id" integer NOT NULL PRIMARY KEY, "city_name" varchar DEFAULT NULL, "created_at" datetime(6) NOT NULL, "updated_at" datetime(6) NOT NULL, "doctor_id" integer DEFAULT NULL, "patient_id" integer DEFAULT NULL, "appointment_id" integer DEFAULT NULL)[0m
  [1m[35m (0.1ms)[0m  [1m[35mCREATE  INDEX "tindex_acities_on_appointment_id" ON "acities" ("appointment_id")[0m
  [1m[35m (0.1ms)[0m  [1m[35mCREATE  INDEX "tindex_acities_on_patient_id" ON "acities" ("patient_id")[0m
  [1m[35m (0.2ms)[0m  [1m[35mCREATE  INDEX "tindex_acities_on_doctor_id" ON "acities" ("doctor_id")[0m
  [1m[35m (0.1ms)[0m  [1m[32mINSERT INTO "acities" ("id","city_name","created_at","updated_at","doctor_id","patient_id","appointment_id")
                     SELECT "id","city_name","created_at","updated_at","doctor_id","patient_id","appointment_id" FROM "cities"[0m
  [1m[35m (0.6ms)[0m  [1m[35mDROP TABLE "cities"[0m
  [1m[35m (0.2ms)[0m  [1m[35mCREATE TABLE "cities" ("id" integer NOT NULL PRIMARY KEY, "city_name" varchar DEFAULT NULL, "created_at" datetime(6) NOT NULL, "updated_at" datetime(6) NOT NULL, "doctor_id" integer DEFAULT NULL, "patient_id" integer DEFAULT NULL, "appointment_id" integer DEFAULT NULL, CONSTRAINT "fk_rails_16e1319439"
FOREIGN KEY ("patient_id")
  REFERENCES "patients" ("id")
, CONSTRAINT "fk_rails_625c9c088b"
FOREIGN KEY ("doctor_id")
  REFERENCES "doctors" ("id")
, CONSTRAINT "fk_rails_17f7d3564a"
FOREIGN KEY ("appointment_id")
  REFERENCES "appointments" ("id")
)[0m
  [1m[35m (0.1ms)[0m  [1m[35mCREATE  INDEX "index_cities_on_doctor_id" ON "cities" ("doctor_id")[0m
  [1m[35m (0.1ms)[0m  [1m[35mCREATE  INDEX "index_cities_on_patient_id" ON "cities" ("patient_id")[0m
  [1m[35m (0.2ms)[0m  [1m[35mCREATE  INDEX "index_cities_on_appointment_id" ON "cities" ("appointment_id")[0m
  [1m[35m (0.1ms)[0m  [1m[32mINSERT INTO "cities" ("id","city_name","created_at","updated_at","doctor_id","patient_id","appointment_id")
                     SELECT "id","city_name","created_at","updated_at","doctor_id","patient_id","appointment_id" FROM "acities"[0m
  [1m[35m (0.2ms)[0m  [1m[35mDROP TABLE "acities"[0m
  [1m[35m (0.1ms)[0m  [1m[35mPRAGMA defer_foreign_keys = 0[0m
  [1m[35m (0.1ms)[0m  [1m[35mPRAGMA foreign_keys = 1[0m
  [1m[36mprimary::SchemaMigration Create (2.1ms)[0m  [1m[32mINSERT INTO "schema_migrations" ("version") VALUES (?)[0m  [["version", "20200206133612"]]
  [1m[35m (3.6ms)[0m  [1m[36mcommit transaction[0m
  [1m[36mActiveRecord::InternalMetadata Load (2.4ms)[0m  [1m[34mSELECT "ar_internal_metadata".* FROM "ar_internal_metadata" WHERE "ar_internal_metadata"."key" = ? LIMIT ?[0m  [["key", "environment"], ["LIMIT", 1]]
  [1m[35m (0.1ms)[0m  [1m[34mSELECT sqlite_version(*)[0m
  [1m[35m (0.2ms)[0m  [1m[34mSELECT "schema_migrations"."version" FROM "schema_migrations" ORDER BY "schema_migrations"."version" ASC[0m
  [1m[35m (4.6ms)[0m  [1m[34mSELECT sqlite_version(*)[0m
  [1m[35m (2.5ms)[0m  [1m[34mSELECT "schema_migrations"."version" FROM "schema_migrations" ORDER BY "schema_migrations"."version" ASC[0m
  [1m[35m (0.2ms)[0m  [1m[34mSELECT "schema_migrations"."version" FROM "schema_migrations" ORDER BY "schema_migrations"."version" ASC[0m
  [1m[35m (0.1ms)[0m  [1m[34mSELECT "schema_migrations"."version" FROM "schema_migrations" ORDER BY "schema_migrations"."version" ASC[0m
  [1m[35m (0.1ms)[0m  [1m[34mSELECT "schema_migrations"."version" FROM "schema_migrations" ORDER BY "schema_migrations"."version" ASC[0m
Migrating to AddCityToTable (20200206133612)
  [1m[35m (0.1ms)[0m  [1m[36mbegin transaction[0m
  [1m[35m (0.1ms)[0m  [1m[35mPRAGMA foreign_keys[0m
  [1m[35m (0.2ms)[0m  [1m[35mPRAGMA defer_foreign_keys[0m
  [1m[35m (0.2ms)[0m  [1m[35mPRAGMA defer_foreign_keys = ON[0m
  [1m[35m (0.1ms)[0m  [1m[35mPRAGMA foreign_keys = OFF[0m
  [1m[35m (0.3ms)[0m  [1m[35mCREATE TEMPORARY TABLE "acities" ("id" integer NOT NULL PRIMARY KEY, "city_name" varchar DEFAULT NULL, "created_at" datetime(6) NOT NULL, "updated_at" datetime(6) NOT NULL, "doctor_id" integer DEFAULT NULL, "patient_id" integer DEFAULT NULL, "appointment_id" integer DEFAULT NULL)[0m
  [1m[35m (0.2ms)[0m  [1m[35mCREATE  INDEX "tindex_acities_on_appointment_id" ON "acities" ("appointment_id")[0m
  [1m[35m (0.2ms)[0m  [1m[35mCREATE  INDEX "tindex_acities_on_patient_id" ON "acities" ("patient_id")[0m
  [1m[35m (0.2ms)[0m  [1m[35mCREATE  INDEX "tindex_acities_on_doctor_id" ON "acities" ("doctor_id")[0m
  [1m[35m (2.1ms)[0m  [1m[32mINSERT INTO "acities" ("id","city_name","created_at","updated_at","doctor_id","patient_id","appointment_id")
                     SELECT "id","city_name","created_at","updated_at","doctor_id","patient_id","appointment_id" FROM "cities"[0m
  [1m[35m (3.2ms)[0m  [1m[35mDROP TABLE "cities"[0m
  [1m[35m (0.2ms)[0m  [1m[35mCREATE TABLE "cities" ("id" integer NOT NULL PRIMARY KEY, "city_name" varchar DEFAULT NULL, "created_at" datetime(6) NOT NULL, "updated_at" datetime(6) NOT NULL, "doctor_id" integer DEFAULT NULL, "patient_id" integer DEFAULT NULL, "appointment_id" integer DEFAULT NULL, CONSTRAINT "fk_rails_625c9c088b"
FOREIGN KEY ("doctor_id")
  REFERENCES "doctors" ("id")
, CONSTRAINT "fk_rails_16e1319439"
FOREIGN KEY ("patient_id")
  REFERENCES "patients" ("id")
)[0m
  [1m[35m (0.1ms)[0m  [1m[35mCREATE  INDEX "index_cities_on_doctor_id" ON "cities" ("doctor_id")[0m
  [1m[35m (0.1ms)[0m  [1m[35mCREATE  INDEX "index_cities_on_patient_id" ON "cities" ("patient_id")[0m
  [1m[35m (0.1ms)[0m  [1m[35mCREATE  INDEX "index_cities_on_appointment_id" ON "cities" ("appointment_id")[0m
  [1m[35m (0.1ms)[0m  [1m[32mINSERT INTO "cities" ("id","city_name","created_at","updated_at","doctor_id","patient_id","appointment_id")
                     SELECT "id","city_name","created_at","updated_at","doctor_id","patient_id","appointment_id" FROM "acities"[0m
  [1m[35m (0.2ms)[0m  [1m[35mDROP TABLE "acities"[0m
  [1m[35m (0.0ms)[0m  [1m[35mPRAGMA defer_foreign_keys = 0[0m
  [1m[35m (0.0ms)[0m  [1m[35mPRAGMA foreign_keys = 1[0m
  [1m[35m (0.0ms)[0m  [1m[35mPRAGMA foreign_keys[0m
  [1m[35m (0.0ms)[0m  [1m[35mPRAGMA defer_foreign_keys[0m
  [1m[35m (0.0ms)[0m  [1m[35mPRAGMA defer_foreign_keys = ON[0m
  [1m[35m (0.0ms)[0m  [1m[35mPRAGMA foreign_keys = OFF[0m
  [1m[35m (0.2ms)[0m  [1m[35mCREATE TEMPORARY TABLE "acities" ("id" integer NOT NULL PRIMARY KEY, "city_name" varchar DEFAULT NULL, "created_at" datetime(6) NOT NULL, "updated_at" datetime(6) NOT NULL, "doctor_id" integer DEFAULT NULL, "patient_id" integer DEFAULT NULL, "appointment_id" integer DEFAULT NULL)[0m
  [1m[35m (0.1ms)[0m  [1m[35mCREATE  INDEX "tindex_acities_on_appointment_id" ON "acities" ("appointment_id")[0m
  [1m[35m (0.1ms)[0m  [1m[35mCREATE  INDEX "tindex_acities_on_patient_id" ON "acities" ("patient_id")[0m
  [1m[35m (0.1ms)[0m  [1m[35mCREATE  INDEX "tindex_acities_on_doctor_id" ON "acities" ("doctor_id")[0m
  [1m[35m (0.1ms)[0m  [1m[32mINSERT INTO "acities" ("id","city_name","created_at","updated_at","doctor_id","patient_id","appointment_id")
                     SELECT "id","city_name","created_at","updated_at","doctor_id","patient_id","appointment_id" FROM "cities"[0m
  [1m[35m (0.1ms)[0m  [1m[35mDROP TABLE "cities"[0m
  [1m[35m (0.1ms)[0m  [1m[35mCREATE TABLE "cities" ("id" integer NOT NULL PRIMARY KEY, "city_name" varchar DEFAULT NULL, "created_at" datetime(6) NOT NULL, "updated_at" datetime(6) NOT NULL, "doctor_id" integer DEFAULT NULL, "patient_id" integer DEFAULT NULL, CONSTRAINT "fk_rails_16e1319439"
FOREIGN KEY ("patient_id")
  REFERENCES "patients" ("id")
, CONSTRAINT "fk_rails_625c9c088b"
FOREIGN KEY ("doctor_id")
  REFERENCES "doctors" ("id")
)[0m
  [1m[35m (0.1ms)[0m  [1m[35mCREATE  INDEX "index_cities_on_doctor_id" ON "cities" ("doctor_id")[0m
  [1m[35m (0.1ms)[0m  [1m[35mCREATE  INDEX "index_cities_on_patient_id" ON "cities" ("patient_id")[0m
  [1m[35m (0.1ms)[0m  [1m[32mINSERT INTO "cities" ("id","city_name","created_at","updated_at","doctor_id","patient_id")
                     SELECT "id","city_name","created_at","updated_at","doctor_id","patient_id" FROM "acities"[0m
  [1m[35m (0.2ms)[0m  [1m[35mDROP TABLE "acities"[0m
  [1m[35m (0.1ms)[0m  [1m[35mPRAGMA defer_foreign_keys = 0[0m
  [1m[35m (0.1ms)[0m  [1m[35mPRAGMA foreign_keys = 1[0m
  [1m[35m (0.1ms)[0m  [1m[35mPRAGMA foreign_keys[0m
  [1m[35m (0.1ms)[0m  [1m[35mPRAGMA defer_foreign_keys[0m
  [1m[35m (0.1ms)[0m  [1m[35mPRAGMA defer_foreign_keys = ON[0m
  [1m[35m (0.1ms)[0m  [1m[35mPRAGMA foreign_keys = OFF[0m
  [1m[35m (0.3ms)[0m  [1m[35mCREATE TEMPORARY TABLE "acities" ("id" integer NOT NULL PRIMARY KEY, "city_name" varchar DEFAULT NULL, "created_at" datetime(6) NOT NULL, "updated_at" datetime(6) NOT NULL, "doctor_id" integer DEFAULT NULL, "patient_id" integer DEFAULT NULL)[0m
  [1m[35m (0.2ms)[0m  [1m[35mCREATE  INDEX "tindex_acities_on_patient_id" ON "acities" ("patient_id")[0m
  [1m[35m (0.2ms)[0m  [1m[35mCREATE  INDEX "tindex_acities_on_doctor_id" ON "acities" ("doctor_id")[0m
  [1m[35m (0.1ms)[0m  [1m[32mINSERT INTO "acities" ("id","city_name","created_at","updated_at","doctor_id","patient_id")
                     SELECT "id","city_name","created_at","updated_at","doctor_id","patient_id" FROM "cities"[0m
  [1m[35m (0.2ms)[0m  [1m[35mDROP TABLE "cities"[0m
  [1m[35m (0.2ms)[0m  [1m[35mCREATE TABLE "cities" ("id" integer NOT NULL PRIMARY KEY, "city_name" varchar DEFAULT NULL, "created_at" datetime(6) NOT NULL, "updated_at" datetime(6) NOT NULL, "doctor_id" integer DEFAULT NULL, "patient_id" integer DEFAULT NULL, CONSTRAINT "fk_rails_625c9c088b"
FOREIGN KEY ("doctor_id")
  REFERENCES "doctors" ("id")
)[0m
  [1m[35m (0.1ms)[0m  [1m[35mCREATE  INDEX "index_cities_on_doctor_id" ON "cities" ("doctor_id")[0m
  [1m[35m (0.1ms)[0m  [1m[35mCREATE  INDEX "index_cities_on_patient_id" ON "cities" ("patient_id")[0m
  [1m[35m (0.1ms)[0m  [1m[32mINSERT INTO "cities" ("id","city_name","created_at","updated_at","doctor_id","patient_id")
                     SELECT "id","city_name","created_at","updated_at","doctor_id","patient_id" FROM "acities"[0m
  [1m[35m (0.2ms)[0m  [1m[35mDROP TABLE "acities"[0m
  [1m[35m (0.1ms)[0m  [1m[35mPRAGMA defer_foreign_keys = 0[0m
  [1m[35m (0.1ms)[0m  [1m[35mPRAGMA foreign_keys = 1[0m
  [1m[35m (0.0ms)[0m  [1m[35mPRAGMA foreign_keys[0m
  [1m[35m (0.1ms)[0m  [1m[35mPRAGMA defer_foreign_keys[0m
  [1m[35m (0.2ms)[0m  [1m[35mPRAGMA defer_foreign_keys = ON[0m
  [1m[35m (0.1ms)[0m  [1m[35mPRAGMA foreign_keys = OFF[0m
  [1m[35m (0.1ms)[0m  [1m[35mCREATE TEMPORARY TABLE "acities" ("id" integer NOT NULL PRIMARY KEY, "city_name" varchar DEFAULT NULL, "created_at" datetime(6) NOT NULL, "updated_at" datetime(6) NOT NULL, "doctor_id" integer DEFAULT NULL, "patient_id" integer DEFAULT NULL)[0m
  [1m[35m (0.2ms)[0m  [1m[35mCREATE  INDEX "tindex_acities_on_patient_id" ON "acities" ("patient_id")[0m
  [1m[35m (0.1ms)[0m  [1m[35mCREATE  INDEX "tindex_acities_on_doctor_id" ON "acities" ("doctor_id")[0m
  [1m[35m (0.1ms)[0m  [1m[32mINSERT INTO "acities" ("id","city_name","created_at","updated_at","doctor_id","patient_id")
                     SELECT "id","city_name","created_at","updated_at","doctor_id","patient_id" FROM "cities"[0m
  [1m[35m (0.1ms)[0m  [1m[35mDROP TABLE "cities"[0m
  [1m[35m (0.1ms)[0m  [1m[35mCREATE TABLE "cities" ("id" integer NOT NULL PRIMARY KEY, "city_name" varchar DEFAULT NULL, "created_at" datetime(6) NOT NULL, "updated_at" datetime(6) NOT NULL, "doctor_id" integer DEFAULT NULL, CONSTRAINT "fk_rails_625c9c088b"
FOREIGN KEY ("doctor_id")
  REFERENCES "doctors" ("id")
)[0m
  [1m[35m (0.1ms)[0m  [1m[35mCREATE  INDEX "index_cities_on_doctor_id" ON "cities" ("doctor_id")[0m
  [1m[35m (0.2ms)[0m  [1m[32mINSERT INTO "cities" ("id","city_name","created_at","updated_at","doctor_id")
                     SELECT "id","city_name","created_at","updated_at","doctor_id" FROM "acities"[0m
  [1m[35m (0.1ms)[0m  [1m[35mDROP TABLE "acities"[0m
  [1m[35m (0.0ms)[0m  [1m[35mPRAGMA defer_foreign_keys = 0[0m
  [1m[35m (0.0ms)[0m  [1m[35mPRAGMA foreign_keys = 1[0m
  [1m[35m (0.0ms)[0m  [1m[35mPRAGMA foreign_keys[0m
  [1m[35m (0.1ms)[0m  [1m[35mPRAGMA defer_foreign_keys[0m
  [1m[35m (0.1ms)[0m  [1m[35mPRAGMA defer_foreign_keys = ON[0m
  [1m[35m (0.1ms)[0m  [1m[35mPRAGMA foreign_keys = OFF[0m
  [1m[35m (0.1ms)[0m  [1m[35mCREATE TEMPORARY TABLE "acities" ("id" integer NOT NULL PRIMARY KEY, "city_name" varchar DEFAULT NULL, "created_at" datetime(6) NOT NULL, "updated_at" datetime(6) NOT NULL, "doctor_id" integer DEFAULT NULL)[0m
  [1m[35m (0.1ms)[0m  [1m[35mCREATE  INDEX "tindex_acities_on_doctor_id" ON "acities" ("doctor_id")[0m
  [1m[35m (0.1ms)[0m  [1m[32mINSERT INTO "acities" ("id","city_name","created_at","updated_at","doctor_id")
                     SELECT "id","city_name","created_at","updated_at","doctor_id" FROM "cities"[0m
  [1m[35m (0.1ms)[0m  [1m[35mDROP TABLE "cities"[0m
  [1m[35m (0.1ms)[0m  [1m[35mCREATE TABLE "cities" ("id" integer NOT NULL PRIMARY KEY, "city_name" varchar DEFAULT NULL, "created_at" datetime(6) NOT NULL, "updated_at" datetime(6) NOT NULL, "doctor_id" integer DEFAULT NULL)[0m
  [1m[35m (0.1ms)[0m  [1m[35mCREATE  INDEX "index_cities_on_doctor_id" ON "cities" ("doctor_id")[0m
  [1m[35m (0.2ms)[0m  [1m[32mINSERT INTO "cities" ("id","city_name","created_at","updated_at","doctor_id")
                     SELECT "id","city_name","created_at","updated_at","doctor_id" FROM "acities"[0m
  [1m[35m (0.1ms)[0m  [1m[35mDROP TABLE "acities"[0m
  [1m[35m (0.1ms)[0m  [1m[35mPRAGMA defer_foreign_keys = 0[0m
  [1m[35m (0.0ms)[0m  [1m[35mPRAGMA foreign_keys = 1[0m
  [1m[35m (0.0ms)[0m  [1m[35mPRAGMA foreign_keys[0m
  [1m[35m (0.0ms)[0m  [1m[35mPRAGMA defer_foreign_keys[0m
  [1m[35m (0.0ms)[0m  [1m[35mPRAGMA defer_foreign_keys = ON[0m
  [1m[35m (0.0ms)[0m  [1m[35mPRAGMA foreign_keys = OFF[0m
  [1m[35m (0.1ms)[0m  [1m[35mCREATE TEMPORARY TABLE "acities" ("id" integer NOT NULL PRIMARY KEY, "city_name" varchar DEFAULT NULL, "created_at" datetime(6) NOT NULL, "updated_at" datetime(6) NOT NULL, "doctor_id" integer DEFAULT NULL)[0m
  [1m[35m (0.1ms)[0m  [1m[35mCREATE  INDEX "tindex_acities_on_doctor_id" ON "acities" ("doctor_id")[0m
  [1m[35m (0.1ms)[0m  [1m[32mINSERT INTO "acities" ("id","city_name","created_at","updated_at","doctor_id")
                     SELECT "id","city_name","created_at","updated_at","doctor_id" FROM "cities"[0m
  [1m[35m (0.1ms)[0m  [1m[35mDROP TABLE "cities"[0m
  [1m[35m (0.1ms)[0m  [1m[35mCREATE TABLE "cities" ("id" integer NOT NULL PRIMARY KEY, "city_name" varchar DEFAULT NULL, "created_at" datetime(6) NOT NULL, "updated_at" datetime(6) NOT NULL)[0m
  [1m[35m (0.1ms)[0m  [1m[32mINSERT INTO "cities" ("id","city_name","created_at","updated_at")
                     SELECT "id","city_name","created_at","updated_at" FROM "acities"[0m
  [1m[35m (0.1ms)[0m  [1m[35mDROP TABLE "acities"[0m
  [1m[35m (0.0ms)[0m  [1m[35mPRAGMA defer_foreign_keys = 0[0m
  [1m[35m (0.1ms)[0m  [1m[35mPRAGMA foreign_keys = 1[0m
  [1m[36mprimary::SchemaMigration Destroy (1.8ms)[0m  [1m[31mDELETE FROM "schema_migrations" WHERE "schema_migrations"."version" = ?[0m  [["version", "20200206133612"]]
  [1m[35m (3.5ms)[0m  [1m[36mcommit transaction[0m
  [1m[35m (0.1ms)[0m  [1m[34mSELECT sqlite_version(*)[0m
  [1m[35m (0.2ms)[0m  [1m[34mSELECT "schema_migrations"."version" FROM "schema_migrations" ORDER BY "schema_migrations"."version" ASC[0m
  [1m[35m (4.2ms)[0m  [1m[34mSELECT sqlite_version(*)[0m
  [1m[35m (3.1ms)[0m  [1m[34mSELECT "schema_migrations"."version" FROM "schema_migrations" ORDER BY "schema_migrations"."version" ASC[0m
Migrating to AddCityToTable (20200206133612)
  [1m[35m (1.3ms)[0m  [1m[36mbegin transaction[0m
  [1m[35m (1.8ms)[0m  [1m[35mALTER TABLE "doctors" ADD "city_id" integer[0m
  [1m[35m (5.8ms)[0m  [1m[35mCREATE  INDEX "index_doctors_on_city_id" ON "doctors" ("city_id")[0m
  [1m[35m (0.1ms)[0m  [1m[35mPRAGMA foreign_keys[0m
  [1m[35m (0.1ms)[0m  [1m[35mPRAGMA defer_foreign_keys[0m
  [1m[35m (0.1ms)[0m  [1m[35mPRAGMA defer_foreign_keys = ON[0m
  [1m[35m (0.4ms)[0m  [1m[35mPRAGMA foreign_keys = OFF[0m
  [1m[35m (0.3ms)[0m  [1m[35mCREATE TEMPORARY TABLE "adoctors" ("id" integer NOT NULL PRIMARY KEY, "first_name" varchar DEFAULT NULL, "last_name" varchar DEFAULT NULL, "specialty" varchar DEFAULT NULL, "zip_code" varchar DEFAULT NULL, "created_at" datetime(6) NOT NULL, "updated_at" datetime(6) NOT NULL, "city_id" integer DEFAULT NULL)[0m
  [1m[35m (0.2ms)[0m  [1m[35mCREATE  INDEX "tindex_adoctors_on_city_id" ON "adoctors" ("city_id")[0m
  [1m[35m (0.1ms)[0m  [1m[32mINSERT INTO "adoctors" ("id","first_name","last_name","specialty","zip_code","created_at","updated_at","city_id")
                     SELECT "id","first_name","last_name","specialty","zip_code","created_at","updated_at","city_id" FROM "doctors"[0m
  [1m[35m (2.4ms)[0m  [1m[35mDROP TABLE "doctors"[0m
  [1m[35m (0.3ms)[0m  [1m[35mCREATE TABLE "doctors" ("id" integer NOT NULL PRIMARY KEY, "first_name" varchar DEFAULT NULL, "last_name" varchar DEFAULT NULL, "specialty" varchar DEFAULT NULL, "zip_code" varchar DEFAULT NULL, "created_at" datetime(6) NOT NULL, "updated_at" datetime(6) NOT NULL, "city_id" integer DEFAULT NULL, CONSTRAINT "fk_rails_7d07bf1fcc"
FOREIGN KEY ("city_id")
  REFERENCES "cities" ("id")
)[0m
  [1m[35m (0.2ms)[0m  [1m[35mCREATE  INDEX "index_doctors_on_city_id" ON "doctors" ("city_id")[0m
  [1m[35m (0.1ms)[0m  [1m[32mINSERT INTO "doctors" ("id","first_name","last_name","specialty","zip_code","created_at","updated_at","city_id")
                     SELECT "id","first_name","last_name","specialty","zip_code","created_at","updated_at","city_id" FROM "adoctors"[0m
  [1m[35m (0.1ms)[0m  [1m[35mDROP TABLE "adoctors"[0m
  [1m[35m (0.1ms)[0m  [1m[35mPRAGMA defer_foreign_keys = 0[0m
  [1m[35m (0.1ms)[0m  [1m[35mPRAGMA foreign_keys = 1[0m
  [1m[35m (0.3ms)[0m  [1m[35mALTER TABLE "patients" ADD "city_id" integer[0m
  [1m[35m (0.2ms)[0m  [1m[35mCREATE  INDEX "index_patients_on_city_id" ON "patients" ("city_id")[0m
  [1m[35m (0.0ms)[0m  [1m[35mPRAGMA foreign_keys[0m
  [1m[35m (0.0ms)[0m  [1m[35mPRAGMA defer_foreign_keys[0m
  [1m[35m (0.0ms)[0m  [1m[35mPRAGMA defer_foreign_keys = ON[0m
  [1m[35m (0.0ms)[0m  [1m[35mPRAGMA foreign_keys = OFF[0m
  [1m[35m (0.2ms)[0m  [1m[35mCREATE TEMPORARY TABLE "apatients" ("id" integer NOT NULL PRIMARY KEY, "first_name" varchar DEFAULT NULL, "last_name" varchar DEFAULT NULL, "created_at" datetime(6) NOT NULL, "updated_at" datetime(6) NOT NULL, "city_id" integer DEFAULT NULL)[0m
  [1m[35m (0.1ms)[0m  [1m[35mCREATE  INDEX "tindex_apatients_on_city_id" ON "apatients" ("city_id")[0m
  [1m[35m (0.1ms)[0m  [1m[32mINSERT INTO "apatients" ("id","first_name","last_name","created_at","updated_at","city_id")
                     SELECT "id","first_name","last_name","created_at","updated_at","city_id" FROM "patients"[0m
  [1m[35m (0.2ms)[0m  [1m[35mDROP TABLE "patients"[0m
  [1m[35m (0.2ms)[0m  [1m[35mCREATE TABLE "patients" ("id" integer NOT NULL PRIMARY KEY, "first_name" varchar DEFAULT NULL, "last_name" varchar DEFAULT NULL, "created_at" datetime(6) NOT NULL, "updated_at" datetime(6) NOT NULL, "city_id" integer DEFAULT NULL, CONSTRAINT "fk_rails_5f4f0a6f13"
FOREIGN KEY ("city_id")
  REFERENCES "cities" ("id")
)[0m
  [1m[35m (0.1ms)[0m  [1m[35mCREATE  INDEX "index_patients_on_city_id" ON "patients" ("city_id")[0m
  [1m[35m (0.1ms)[0m  [1m[32mINSERT INTO "patients" ("id","first_name","last_name","created_at","updated_at","city_id")
                     SELECT "id","first_name","last_name","created_at","updated_at","city_id" FROM "apatients"[0m
  [1m[35m (0.3ms)[0m  [1m[35mDROP TABLE "apatients"[0m
  [1m[35m (0.1ms)[0m  [1m[35mPRAGMA defer_foreign_keys = 0[0m
  [1m[35m (0.1ms)[0m  [1m[35mPRAGMA foreign_keys = 1[0m
  [1m[35m (0.3ms)[0m  [1m[35mALTER TABLE "appointments" ADD "city_id" integer[0m
  [1m[35m (0.2ms)[0m  [1m[35mCREATE  INDEX "index_appointments_on_city_id" ON "appointments" ("city_id")[0m
  [1m[35m (0.0ms)[0m  [1m[35mPRAGMA foreign_keys[0m
  [1m[35m (0.0ms)[0m  [1m[35mPRAGMA defer_foreign_keys[0m
  [1m[35m (0.0ms)[0m  [1m[35mPRAGMA defer_foreign_keys = ON[0m
  [1m[35m (0.0ms)[0m  [1m[35mPRAGMA foreign_keys = OFF[0m
  [1m[35m (0.1ms)[0m  [1m[35mCREATE TEMPORARY TABLE "aappointments" ("id" integer NOT NULL PRIMARY KEY, "date" datetime DEFAULT NULL, "doctor_id" integer DEFAULT NULL, "patient_id" integer DEFAULT NULL, "created_at" datetime(6) NOT NULL, "updated_at" datetime(6) NOT NULL, "city_id" integer DEFAULT NULL)[0m
  [1m[35m (0.1ms)[0m  [1m[35mCREATE  INDEX "tindex_aappointments_on_city_id" ON "aappointments" ("city_id")[0m
  [1m[35m (0.3ms)[0m  [1m[35mCREATE  INDEX "tindex_aappointments_on_patient_id" ON "aappointments" ("patient_id")[0m
  [1m[35m (0.1ms)[0m  [1m[35mCREATE  INDEX "tindex_aappointments_on_doctor_id" ON "aappointments" ("doctor_id")[0m
  [1m[35m (0.1ms)[0m  [1m[32mINSERT INTO "aappointments" ("id","date","doctor_id","patient_id","created_at","updated_at","city_id")
                     SELECT "id","date","doctor_id","patient_id","created_at","updated_at","city_id" FROM "appointments"[0m
  [1m[35m (0.6ms)[0m  [1m[35mDROP TABLE "appointments"[0m
  [1m[35m (0.3ms)[0m  [1m[35mCREATE TABLE "appointments" ("id" integer NOT NULL PRIMARY KEY, "date" datetime DEFAULT NULL, "doctor_id" integer DEFAULT NULL, "patient_id" integer DEFAULT NULL, "created_at" datetime(6) NOT NULL, "updated_at" datetime(6) NOT NULL, "city_id" integer DEFAULT NULL, CONSTRAINT "fk_rails_fecccdeb72"
FOREIGN KEY ("city_id")
  REFERENCES "cities" ("id")
)[0m
  [1m[35m (0.1ms)[0m  [1m[35mCREATE  INDEX "index_appointments_on_doctor_id" ON "appointments" ("doctor_id")[0m
  [1m[35m (0.1ms)[0m  [1m[35mCREATE  INDEX "index_appointments_on_patient_id" ON "appointments" ("patient_id")[0m
  [1m[35m (0.1ms)[0m  [1m[35mCREATE  INDEX "index_appointments_on_city_id" ON "appointments" ("city_id")[0m
  [1m[35m (0.1ms)[0m  [1m[32mINSERT INTO "appointments" ("id","date","doctor_id","patient_id","created_at","updated_at","city_id")
                     SELECT "id","date","doctor_id","patient_id","created_at","updated_at","city_id" FROM "aappointments"[0m
  [1m[35m (0.2ms)[0m  [1m[35mDROP TABLE "aappointments"[0m
  [1m[35m (0.1ms)[0m  [1m[35mPRAGMA defer_foreign_keys = 0[0m
  [1m[35m (0.1ms)[0m  [1m[35mPRAGMA foreign_keys = 1[0m
  [1m[36mprimary::SchemaMigration Create (2.3ms)[0m  [1m[32mINSERT INTO "schema_migrations" ("version") VALUES (?)[0m  [["version", "20200206133612"]]
  [1m[35m (6.5ms)[0m  [1m[36mcommit transaction[0m
  [1m[36mActiveRecord::InternalMetadata Load (2.4ms)[0m  [1m[34mSELECT "ar_internal_metadata".* FROM "ar_internal_metadata" WHERE "ar_internal_metadata"."key" = ? LIMIT ?[0m  [["key", "environment"], ["LIMIT", 1]]
  [1m[35m (0.1ms)[0m  [1m[34mSELECT sqlite_version(*)[0m
  [1m[35m (0.2ms)[0m  [1m[34mSELECT "schema_migrations"."version" FROM "schema_migrations" ORDER BY "schema_migrations"."version" ASC[0m
  [1m[35m (4.6ms)[0m  [1m[34mSELECT sqlite_version(*)[0m
  [1m[35m (2.3ms)[0m  [1m[34mSELECT "schema_migrations"."version" FROM "schema_migrations" ORDER BY "schema_migrations"."version" ASC[0m
  [1m[35m (4.1ms)[0m  [1m[34mSELECT sqlite_version(*)[0m
  [1m[35m (2.4ms)[0m  [1m[34mSELECT "schema_migrations"."version" FROM "schema_migrations" ORDER BY "schema_migrations"."version" ASC[0m
Migrating to RemoveSpecialityFromDoctor (20200206134751)
  [1m[35m (0.1ms)[0m  [1m[36mbegin transaction[0m
  [1m[35m (0.1ms)[0m  [1m[35mPRAGMA foreign_keys[0m
  [1m[35m (0.1ms)[0m  [1m[35mPRAGMA defer_foreign_keys[0m
  [1m[35m (0.1ms)[0m  [1m[35mPRAGMA defer_foreign_keys = ON[0m
  [1m[35m (0.1ms)[0m  [1m[35mPRAGMA foreign_keys = OFF[0m
  [1m[35m (0.3ms)[0m  [1m[35mCREATE TEMPORARY TABLE "adoctors" ("id" integer NOT NULL PRIMARY KEY, "first_name" varchar DEFAULT NULL, "last_name" varchar DEFAULT NULL, "specialty" varchar DEFAULT NULL, "zip_code" varchar DEFAULT NULL, "created_at" datetime(6) NOT NULL, "updated_at" datetime(6) NOT NULL, "city_id" integer DEFAULT NULL)[0m
  [1m[35m (0.3ms)[0m  [1m[35mCREATE  INDEX "tindex_adoctors_on_city_id" ON "adoctors" ("city_id")[0m
  [1m[35m (0.4ms)[0m  [1m[32mINSERT INTO "adoctors" ("id","first_name","last_name","specialty","zip_code","created_at","updated_at","city_id")
                     SELECT "id","first_name","last_name","specialty","zip_code","created_at","updated_at","city_id" FROM "doctors"[0m
  [1m[35m (2.8ms)[0m  [1m[35mDROP TABLE "doctors"[0m
  [1m[35m (0.7ms)[0m  [1m[35mCREATE TABLE "doctors" ("id" integer NOT NULL PRIMARY KEY, "first_name" varchar DEFAULT NULL, "last_name" varchar DEFAULT NULL, "specialty" varchar DEFAULT NULL, "zip_code" varchar DEFAULT NULL, "created_at" datetime(6) NOT NULL, "updated_at" datetime(6) NOT NULL, "city_id" integer DEFAULT NULL, CONSTRAINT "fk_rails_7d07bf1fcc"
FOREIGN KEY ("city_id")
  REFERENCES "cities" ("id")
)[0m
  [1m[35m (0.3ms)[0m  [1m[35mCREATE  INDEX "index_doctors_on_city_id" ON "doctors" ("city_id")[0m
  [1m[35m (0.1ms)[0m  [1m[32mINSERT INTO "doctors" ("id","first_name","last_name","specialty","zip_code","created_at","updated_at","city_id")
                     SELECT "id","first_name","last_name","specialty","zip_code","created_at","updated_at","city_id" FROM "adoctors"[0m
  [1m[35m (0.2ms)[0m  [1m[35mDROP TABLE "adoctors"[0m
  [1m[35m (0.1ms)[0m  [1m[35mPRAGMA defer_foreign_keys = 0[0m
  [1m[35m (0.1ms)[0m  [1m[35mPRAGMA foreign_keys = 1[0m
  [1m[36mprimary::SchemaMigration Create (2.4ms)[0m  [1m[32mINSERT INTO "schema_migrations" ("version") VALUES (?)[0m  [["version", "20200206134751"]]
  [1m[35m (2.7ms)[0m  [1m[36mcommit transaction[0m
  [1m[36mActiveRecord::InternalMetadata Load (2.7ms)[0m  [1m[34mSELECT "ar_internal_metadata".* FROM "ar_internal_metadata" WHERE "ar_internal_metadata"."key" = ? LIMIT ?[0m  [["key", "environment"], ["LIMIT", 1]]
  [1m[35m (0.1ms)[0m  [1m[34mSELECT sqlite_version(*)[0m
  [1m[35m (0.1ms)[0m  [1m[34mSELECT "schema_migrations"."version" FROM "schema_migrations" ORDER BY "schema_migrations"."version" ASC[0m
  [1m[35m (3.7ms)[0m  [1m[34mSELECT sqlite_version(*)[0m
  [1m[35m (0.3ms)[0m  [1m[34mSELECT "schema_migrations"."version" FROM "schema_migrations" ORDER BY "schema_migrations"."version" ASC[0m
  [1m[35m (0.2ms)[0m  [1m[34mSELECT "schema_migrations"."version" FROM "schema_migrations" ORDER BY "schema_migrations"."version" ASC[0m
  [1m[35m (0.1ms)[0m  [1m[34mSELECT "schema_migrations"."version" FROM "schema_migrations" ORDER BY "schema_migrations"."version" ASC[0m
  [1m[35m (0.1ms)[0m  [1m[34mSELECT "schema_migrations"."version" FROM "schema_migrations" ORDER BY "schema_migrations"."version" ASC[0m
Migrating to RemoveSpecialityFromDoctor (20200206134751)
  [1m[35m (0.1ms)[0m  [1m[36mbegin transaction[0m
  [1m[35m (2.0ms)[0m  [1m[35mALTER TABLE "doctors" ADD "speciality_id" integer[0m
  [1m[35m (0.2ms)[0m  [1m[35mCREATE  INDEX "index_doctors_on_speciality_id" ON "doctors" ("speciality_id")[0m
  [1m[36mprimary::SchemaMigration Destroy (0.2ms)[0m  [1m[31mDELETE FROM "schema_migrations" WHERE "schema_migrations"."version" = ?[0m  [["version", "20200206134751"]]
  [1m[35m (2.7ms)[0m  [1m[36mcommit transaction[0m
  [1m[35m (0.1ms)[0m  [1m[34mSELECT sqlite_version(*)[0m
  [1m[35m (0.1ms)[0m  [1m[34mSELECT "schema_migrations"."version" FROM "schema_migrations" ORDER BY "schema_migrations"."version" ASC[0m
  [1m[35m (4.2ms)[0m  [1m[34mSELECT sqlite_version(*)[0m
  [1m[35m (0.2ms)[0m  [1m[34mSELECT "schema_migrations"."version" FROM "schema_migrations" ORDER BY "schema_migrations"."version" ASC[0m
  [1m[35m (4.2ms)[0m  [1m[34mSELECT sqlite_version(*)[0m
  [1m[35m (2.4ms)[0m  [1m[34mSELECT "schema_migrations"."version" FROM "schema_migrations" ORDER BY "schema_migrations"."version" ASC[0m
Migrating to RemoveSpecialityFromDoctor (20200206134751)
  [1m[35m (0.5ms)[0m  [1m[36mbegin transaction[0m
  [1m[35m (0.1ms)[0m  [1m[35mPRAGMA foreign_keys[0m
  [1m[35m (0.1ms)[0m  [1m[35mPRAGMA defer_foreign_keys[0m
  [1m[35m (0.1ms)[0m  [1m[35mPRAGMA defer_foreign_keys = ON[0m
  [1m[35m (0.0ms)[0m  [1m[35mPRAGMA foreign_keys = OFF[0m
  [1m[35m (0.3ms)[0m  [1m[35mCREATE TEMPORARY TABLE "adoctors" ("id" integer NOT NULL PRIMARY KEY, "first_name" varchar DEFAULT NULL, "last_name" varchar DEFAULT NULL, "specialty" varchar DEFAULT NULL, "zip_code" varchar DEFAULT NULL, "created_at" datetime(6) NOT NULL, "updated_at" datetime(6) NOT NULL, "city_id" integer DEFAULT NULL, "speciality_id" integer DEFAULT NULL)[0m
  [1m[35m (0.2ms)[0m  [1m[35mCREATE  INDEX "tindex_adoctors_on_speciality_id" ON "adoctors" ("speciality_id")[0m
  [1m[35m (0.1ms)[0m  [1m[35mCREATE  INDEX "tindex_adoctors_on_city_id" ON "adoctors" ("city_id")[0m
  [1m[35m (2.1ms)[0m  [1m[32mINSERT INTO "adoctors" ("id","first_name","last_name","specialty","zip_code","created_at","updated_at","city_id","speciality_id")
                     SELECT "id","first_name","last_name","specialty","zip_code","created_at","updated_at","city_id","speciality_id" FROM "doctors"[0m
  [1m[35m (3.1ms)[0m  [1m[35mDROP TABLE "doctors"[0m
  [1m[35m (0.2ms)[0m  [1m[35mCREATE TABLE "doctors" ("id" integer NOT NULL PRIMARY KEY, "first_name" varchar DEFAULT NULL, "last_name" varchar DEFAULT NULL, "specialty" varchar DEFAULT NULL, "zip_code" varchar DEFAULT NULL, "created_at" datetime(6) NOT NULL, "updated_at" datetime(6) NOT NULL, "city_id" integer DEFAULT NULL, CONSTRAINT "fk_rails_7d07bf1fcc"
FOREIGN KEY ("city_id")
  REFERENCES "cities" ("id")
)[0m
  [1m[35m (0.2ms)[0m  [1m[35mCREATE  INDEX "index_doctors_on_city_id" ON "doctors" ("city_id")[0m
  [1m[35m (0.1ms)[0m  [1m[32mINSERT INTO "doctors" ("id","first_name","last_name","specialty","zip_code","created_at","updated_at","city_id")
                     SELECT "id","first_name","last_name","specialty","zip_code","created_at","updated_at","city_id" FROM "adoctors"[0m
  [1m[35m (0.1ms)[0m  [1m[35mDROP TABLE "adoctors"[0m
  [1m[35m (0.1ms)[0m  [1m[35mPRAGMA defer_foreign_keys = 0[0m
  [1m[35m (0.1ms)[0m  [1m[35mPRAGMA foreign_keys = 1[0m
  [1m[36mprimary::SchemaMigration Create (2.4ms)[0m  [1m[32mINSERT INTO "schema_migrations" ("version") VALUES (?)[0m  [["version", "20200206134751"]]
  [1m[35m (2.8ms)[0m  [1m[36mcommit transaction[0m
  [1m[36mActiveRecord::InternalMetadata Load (3.0ms)[0m  [1m[34mSELECT "ar_internal_metadata".* FROM "ar_internal_metadata" WHERE "ar_internal_metadata"."key" = ? LIMIT ?[0m  [["key", "environment"], ["LIMIT", 1]]
  [1m[35m (0.3ms)[0m  [1m[34mSELECT sqlite_version(*)[0m
  [1m[35m (0.1ms)[0m  [1m[34mSELECT "schema_migrations"."version" FROM "schema_migrations" ORDER BY "schema_migrations"."version" ASC[0m
  [1m[35m (1.2ms)[0m  [1m[34mSELECT sqlite_version(*)[0m
  [1m[35m (0.2ms)[0m  [1m[34mSELECT "schema_migrations"."version" FROM "schema_migrations" ORDER BY "schema_migrations"."version" ASC[0m
  [1m[35m (0.1ms)[0m  [1m[34mSELECT "schema_migrations"."version" FROM "schema_migrations" ORDER BY "schema_migrations"."version" ASC[0m
  [1m[35m (0.1ms)[0m  [1m[34mSELECT "schema_migrations"."version" FROM "schema_migrations" ORDER BY "schema_migrations"."version" ASC[0m
  [1m[35m (0.1ms)[0m  [1m[34mSELECT "schema_migrations"."version" FROM "schema_migrations" ORDER BY "schema_migrations"."version" ASC[0m
Migrating to RemoveSpecialityFromDoctor (20200206134751)
  [1m[35m (0.1ms)[0m  [1m[36mbegin transaction[0m
  [1m[35m (0.7ms)[0m  [1m[35mALTER TABLE "doctors" ADD "speciality_id" integer[0m
  [1m[35m (0.2ms)[0m  [1m[35mCREATE  INDEX "index_doctors_on_speciality_id" ON "doctors" ("speciality_id")[0m
  [1m[36mprimary::SchemaMigration Destroy (0.2ms)[0m  [1m[31mDELETE FROM "schema_migrations" WHERE "schema_migrations"."version" = ?[0m  [["version", "20200206134751"]]
  [1m[35m (2.7ms)[0m  [1m[36mcommit transaction[0m
  [1m[35m (0.1ms)[0m  [1m[34mSELECT sqlite_version(*)[0m
  [1m[35m (0.1ms)[0m  [1m[34mSELECT "schema_migrations"."version" FROM "schema_migrations" ORDER BY "schema_migrations"."version" ASC[0m
  [1m[35m (4.1ms)[0m  [1m[34mSELECT sqlite_version(*)[0m
  [1m[35m (2.4ms)[0m  [1m[34mSELECT "schema_migrations"."version" FROM "schema_migrations" ORDER BY "schema_migrations"."version" ASC[0m
Migrating to RemoveSpecialityFromDoctor (20200206134751)
  [1m[35m (0.1ms)[0m  [1m[36mbegin transaction[0m
  [1m[35m (0.3ms)[0m  [1m[31mrollback transaction[0m
  [1m[35m (6.8ms)[0m  [1m[34mSELECT sqlite_version(*)[0m
  [1m[35m (2.2ms)[0m  [1m[34mSELECT "schema_migrations"."version" FROM "schema_migrations" ORDER BY "schema_migrations"."version" ASC[0m
  [1m[35m (6.5ms)[0m  [1m[34mSELECT sqlite_version(*)[0m
  [1m[35m (2.5ms)[0m  [1m[34mSELECT "schema_migrations"."version" FROM "schema_migrations" ORDER BY "schema_migrations"."version" ASC[0m
Migrating to RemoveSpecialityFromDoctor (20200206134751)
  [1m[35m (0.1ms)[0m  [1m[36mbegin transaction[0m
  [1m[35m (0.1ms)[0m  [1m[35mPRAGMA foreign_keys[0m
  [1m[35m (0.1ms)[0m  [1m[35mPRAGMA defer_foreign_keys[0m
  [1m[35m (0.1ms)[0m  [1m[35mPRAGMA defer_foreign_keys = ON[0m
  [1m[35m (0.2ms)[0m  [1m[35mPRAGMA foreign_keys = OFF[0m
  [1m[35m (0.6ms)[0m  [1m[35mCREATE TEMPORARY TABLE "adoctors" ("id" integer NOT NULL PRIMARY KEY, "first_name" varchar DEFAULT NULL, "last_name" varchar DEFAULT NULL, "specialty" varchar DEFAULT NULL, "zip_code" varchar DEFAULT NULL, "created_at" datetime(6) NOT NULL, "updated_at" datetime(6) NOT NULL, "city_id" integer DEFAULT NULL, "speciality_id" integer DEFAULT NULL)[0m
  [1m[35m (0.2ms)[0m  [1m[35mCREATE  INDEX "tindex_adoctors_on_speciality_id" ON "adoctors" ("speciality_id")[0m
  [1m[35m (0.1ms)[0m  [1m[35mCREATE  INDEX "tindex_adoctors_on_city_id" ON "adoctors" ("city_id")[0m
  [1m[35m (2.3ms)[0m  [1m[32mINSERT INTO "adoctors" ("id","first_name","last_name","specialty","zip_code","created_at","updated_at","city_id","speciality_id")
                     SELECT "id","first_name","last_name","specialty","zip_code","created_at","updated_at","city_id","speciality_id" FROM "doctors"[0m
  [1m[35m (2.8ms)[0m  [1m[35mDROP TABLE "doctors"[0m
  [1m[35m (0.2ms)[0m  [1m[35mCREATE TABLE "doctors" ("id" integer NOT NULL PRIMARY KEY, "first_name" varchar DEFAULT NULL, "last_name" varchar DEFAULT NULL, "specialty" varchar DEFAULT NULL, "zip_code" varchar DEFAULT NULL, "created_at" datetime(6) NOT NULL, "updated_at" datetime(6) NOT NULL, "city_id" integer DEFAULT NULL, CONSTRAINT "fk_rails_7d07bf1fcc"
FOREIGN KEY ("city_id")
  REFERENCES "cities" ("id")
)[0m
  [1m[35m (0.1ms)[0m  [1m[35mCREATE  INDEX "index_doctors_on_city_id" ON "doctors" ("city_id")[0m
  [1m[35m (0.1ms)[0m  [1m[32mINSERT INTO "doctors" ("id","first_name","last_name","specialty","zip_code","created_at","updated_at","city_id")
                     SELECT "id","first_name","last_name","specialty","zip_code","created_at","updated_at","city_id" FROM "adoctors"[0m
  [1m[35m (0.1ms)[0m  [1m[35mDROP TABLE "adoctors"[0m
  [1m[35m (0.1ms)[0m  [1m[35mPRAGMA defer_foreign_keys = 0[0m
  [1m[35m (0.7ms)[0m  [1m[35mPRAGMA foreign_keys = 1[0m
  [1m[35m (0.1ms)[0m  [1m[35mPRAGMA foreign_keys[0m
  [1m[35m (0.1ms)[0m  [1m[35mPRAGMA defer_foreign_keys[0m
  [1m[35m (0.0ms)[0m  [1m[35mPRAGMA defer_foreign_keys = ON[0m
  [1m[35m (0.1ms)[0m  [1m[35mPRAGMA foreign_keys = OFF[0m
  [1m[35m (0.2ms)[0m  [1m[35mCREATE TEMPORARY TABLE "adoctors" ("id" integer NOT NULL PRIMARY KEY, "first_name" varchar DEFAULT NULL, "last_name" varchar DEFAULT NULL, "specialty" varchar DEFAULT NULL, "zip_code" varchar DEFAULT NULL, "created_at" datetime(6) NOT NULL, "updated_at" datetime(6) NOT NULL, "city_id" integer DEFAULT NULL)[0m
  [1m[35m (0.2ms)[0m  [1m[35mCREATE  INDEX "tindex_adoctors_on_city_id" ON "adoctors" ("city_id")[0m
  [1m[35m (0.1ms)[0m  [1m[32mINSERT INTO "adoctors" ("id","first_name","last_name","specialty","zip_code","created_at","updated_at","city_id")
                     SELECT "id","first_name","last_name","specialty","zip_code","created_at","updated_at","city_id" FROM "doctors"[0m
  [1m[35m (0.1ms)[0m  [1m[35mDROP TABLE "doctors"[0m
  [1m[35m (0.1ms)[0m  [1m[35mCREATE TABLE "doctors" ("id" integer NOT NULL PRIMARY KEY, "first_name" varchar DEFAULT NULL, "last_name" varchar DEFAULT NULL, "specialty" varchar DEFAULT NULL, "zip_code" varchar DEFAULT NULL, "created_at" datetime(6) NOT NULL, "updated_at" datetime(6) NOT NULL, "city_id" integer DEFAULT NULL, CONSTRAINT "fk_rails_7d07bf1fcc"
FOREIGN KEY ("city_id")
  REFERENCES "cities" ("id")
)[0m
  [1m[35m (0.1ms)[0m  [1m[35mCREATE  INDEX "index_doctors_on_city_id" ON "doctors" ("city_id")[0m
  [1m[35m (0.1ms)[0m  [1m[32mINSERT INTO "doctors" ("id","first_name","last_name","specialty","zip_code","created_at","updated_at","city_id")
                     SELECT "id","first_name","last_name","specialty","zip_code","created_at","updated_at","city_id" FROM "adoctors"[0m
  [1m[35m (0.2ms)[0m  [1m[35mDROP TABLE "adoctors"[0m
  [1m[35m (0.0ms)[0m  [1m[35mPRAGMA defer_foreign_keys = 0[0m
  [1m[35m (0.0ms)[0m  [1m[35mPRAGMA foreign_keys = 1[0m
  [1m[36mprimary::SchemaMigration Create (2.5ms)[0m  [1m[32mINSERT INTO "schema_migrations" ("version") VALUES (?)[0m  [["version", "20200206134751"]]
  [1m[35m (3.0ms)[0m  [1m[36mcommit transaction[0m
  [1m[36mActiveRecord::InternalMetadata Load (3.1ms)[0m  [1m[34mSELECT "ar_internal_metadata".* FROM "ar_internal_metadata" WHERE "ar_internal_metadata"."key" = ? LIMIT ?[0m  [["key", "environment"], ["LIMIT", 1]]
  [1m[35m (0.1ms)[0m  [1m[34mSELECT sqlite_version(*)[0m
  [1m[35m (0.1ms)[0m  [1m[34mSELECT "schema_migrations"."version" FROM "schema_migrations" ORDER BY "schema_migrations"."version" ASC[0m
  [1m[35m (6.6ms)[0m  [1m[34mSELECT sqlite_version(*)[0m
  [1m[35m (2.4ms)[0m  [1m[34mSELECT "schema_migrations"."version" FROM "schema_migrations" ORDER BY "schema_migrations"."version" ASC[0m
  [1m[35m (0.2ms)[0m  [1m[34mSELECT "schema_migrations"."version" FROM "schema_migrations" ORDER BY "schema_migrations"."version" ASC[0m
  [1m[35m (0.1ms)[0m  [1m[34mSELECT "schema_migrations"."version" FROM "schema_migrations" ORDER BY "schema_migrations"."version" ASC[0m
  [1m[35m (0.1ms)[0m  [1m[34mSELECT "schema_migrations"."version" FROM "schema_migrations" ORDER BY "schema_migrations"."version" ASC[0m
Migrating to RemoveSpecialityFromDoctor (20200206134751)
  [1m[35m (4.0ms)[0m  [1m[34mSELECT sqlite_version(*)[0m
  [1m[35m (2.4ms)[0m  [1m[34mSELECT "schema_migrations"."version" FROM "schema_migrations" ORDER BY "schema_migrations"."version" ASC[0m
  [1m[35m (5.0ms)[0m  [1m[34mSELECT sqlite_version(*)[0m
  [1m[35m (2.6ms)[0m  [1m[34mSELECT "schema_migrations"."version" FROM "schema_migrations" ORDER BY "schema_migrations"."version" ASC[0m
Migrating to RemoveColumnSpecialtyFromDoctor (20200206140801)
  [1m[35m (0.2ms)[0m  [1m[36mbegin transaction[0m
  [1m[35m (0.1ms)[0m  [1m[35mPRAGMA foreign_keys[0m
  [1m[35m (0.2ms)[0m  [1m[35mPRAGMA defer_foreign_keys[0m
  [1m[35m (0.4ms)[0m  [1m[35mPRAGMA defer_foreign_keys = ON[0m
  [1m[35m (0.1ms)[0m  [1m[35mPRAGMA foreign_keys = OFF[0m
  [1m[35m (0.4ms)[0m  [1m[35mCREATE TEMPORARY TABLE "adoctors" ("id" integer NOT NULL PRIMARY KEY, "first_name" varchar DEFAULT NULL, "last_name" varchar DEFAULT NULL, "specialty" varchar DEFAULT NULL, "zip_code" varchar DEFAULT NULL, "created_at" datetime(6) NOT NULL, "updated_at" datetime(6) NOT NULL, "city_id" integer DEFAULT NULL)[0m
  [1m[35m (0.2ms)[0m  [1m[35mCREATE  INDEX "tindex_adoctors_on_city_id" ON "adoctors" ("city_id")[0m
  [1m[35m (2.0ms)[0m  [1m[32mINSERT INTO "adoctors" ("id","first_name","last_name","specialty","zip_code","created_at","updated_at","city_id")
                     SELECT "id","first_name","last_name","specialty","zip_code","created_at","updated_at","city_id" FROM "doctors"[0m
  [1m[35m (3.2ms)[0m  [1m[35mDROP TABLE "doctors"[0m
  [1m[35m (0.1ms)[0m  [1m[35mCREATE TABLE "doctors" ("id" integer NOT NULL PRIMARY KEY, "first_name" varchar DEFAULT NULL, "last_name" varchar DEFAULT NULL, "zip_code" varchar DEFAULT NULL, "created_at" datetime(6) NOT NULL, "updated_at" datetime(6) NOT NULL, "city_id" integer DEFAULT NULL, CONSTRAINT "fk_rails_7d07bf1fcc"
FOREIGN KEY ("city_id")
  REFERENCES "cities" ("id")
)[0m
  [1m[35m (0.1ms)[0m  [1m[35mCREATE  INDEX "index_doctors_on_city_id" ON "doctors" ("city_id")[0m
  [1m[35m (0.1ms)[0m  [1m[32mINSERT INTO "doctors" ("id","first_name","last_name","zip_code","created_at","updated_at","city_id")
                     SELECT "id","first_name","last_name","zip_code","created_at","updated_at","city_id" FROM "adoctors"[0m
  [1m[35m (0.1ms)[0m  [1m[35mDROP TABLE "adoctors"[0m
  [1m[35m (0.0ms)[0m  [1m[35mPRAGMA defer_foreign_keys = 0[0m
  [1m[35m (0.1ms)[0m  [1m[35mPRAGMA foreign_keys = 1[0m
  [1m[36mprimary::SchemaMigration Create (0.5ms)[0m  [1m[32mINSERT INTO "schema_migrations" ("version") VALUES (?)[0m  [["version", "20200206140801"]]
  [1m[35m (2.6ms)[0m  [1m[36mcommit transaction[0m
  [1m[36mActiveRecord::InternalMetadata Load (3.5ms)[0m  [1m[34mSELECT "ar_internal_metadata".* FROM "ar_internal_metadata" WHERE "ar_internal_metadata"."key" = ? LIMIT ?[0m  [["key", "environment"], ["LIMIT", 1]]
  [1m[35m (0.1ms)[0m  [1m[34mSELECT sqlite_version(*)[0m
  [1m[35m (0.2ms)[0m  [1m[34mSELECT "schema_migrations"."version" FROM "schema_migrations" ORDER BY "schema_migrations"."version" ASC[0m
  [1m[35m (4.3ms)[0m  [1m[34mSELECT sqlite_version(*)[0m
  [1m[35m (2.4ms)[0m  [1m[34mSELECT "schema_migrations"."version" FROM "schema_migrations" ORDER BY "schema_migrations"."version" ASC[0m
  [1m[35m (4.9ms)[0m  [1m[34mSELECT sqlite_version(*)[0m
  [1m[35m (2.3ms)[0m  [1m[34mSELECT "schema_migrations"."version" FROM "schema_migrations" ORDER BY "schema_migrations"."version" ASC[0m
Migrating to CreateSpecialties (20200206142126)
  [1m[35m (0.2ms)[0m  [1m[36mbegin transaction[0m
  [1m[35m (3.7ms)[0m  [1m[35mCREATE TABLE "specialties" ("id" integer PRIMARY KEY AUTOINCREMENT NOT NULL, "specialty_name" varchar, "created_at" datetime(6) NOT NULL, "updated_at" datetime(6) NOT NULL)[0m
  [1m[36mprimary::SchemaMigration Create (5.1ms)[0m  [1m[32mINSERT INTO "schema_migrations" ("version") VALUES (?)[0m  [["version", "20200206142126"]]
  [1m[35m (2.6ms)[0m  [1m[36mcommit transaction[0m
Migrating to CreateJoinTableSpecialtyDoctors (20200206143353)
  [1m[35m (0.1ms)[0m  [1m[36mbegin transaction[0m
  [1m[35m (0.5ms)[0m  [1m[35mCREATE TABLE "join_table_specialty_doctors" ("id" integer PRIMARY KEY AUTOINCREMENT NOT NULL, "created_at" datetime(6) NOT NULL, "updated_at" datetime(6) NOT NULL)[0m
  [1m[36mprimary::SchemaMigration Create (0.2ms)[0m  [1m[32mINSERT INTO "schema_migrations" ("version") VALUES (?)[0m  [["version", "20200206143353"]]
  [1m[35m (3.2ms)[0m  [1m[36mcommit transaction[0m
  [1m[36mActiveRecord::InternalMetadata Load (6.0ms)[0m  [1m[34mSELECT "ar_internal_metadata".* FROM "ar_internal_metadata" WHERE "ar_internal_metadata"."key" = ? LIMIT ?[0m  [["key", "environment"], ["LIMIT", 1]]
  [1m[35m (0.1ms)[0m  [1m[34mSELECT sqlite_version(*)[0m
  [1m[35m (0.1ms)[0m  [1m[34mSELECT "schema_migrations"."version" FROM "schema_migrations" ORDER BY "schema_migrations"."version" ASC[0m
  [1m[35m (3.9ms)[0m  [1m[34mSELECT sqlite_version(*)[0m
  [1m[35m (2.4ms)[0m  [1m[34mSELECT "schema_migrations"."version" FROM "schema_migrations" ORDER BY "schema_migrations"."version" ASC[0m
  [1m[35m (0.2ms)[0m  [1m[34mSELECT "schema_migrations"."version" FROM "schema_migrations" ORDER BY "schema_migrations"."version" ASC[0m
  [1m[35m (0.1ms)[0m  [1m[34mSELECT "schema_migrations"."version" FROM "schema_migrations" ORDER BY "schema_migrations"."version" ASC[0m
  [1m[35m (0.1ms)[0m  [1m[34mSELECT "schema_migrations"."version" FROM "schema_migrations" ORDER BY "schema_migrations"."version" ASC[0m
Migrating to CreateJoinTableSpecialtyDoctors (20200206143353)
  [1m[35m (0.1ms)[0m  [1m[36mbegin transaction[0m
  [1m[35m (6.5ms)[0m  [1m[35mDROP TABLE "join_table_specialty_doctors"[0m
  [1m[36mprimary::SchemaMigration Destroy (5.1ms)[0m  [1m[31mDELETE FROM "schema_migrations" WHERE "schema_migrations"."version" = ?[0m  [["version", "20200206143353"]]
  [1m[35m (4.3ms)[0m  [1m[36mcommit transaction[0m
  [1m[35m (0.1ms)[0m  [1m[34mSELECT sqlite_version(*)[0m
  [1m[35m (0.2ms)[0m  [1m[34mSELECT "schema_migrations"."version" FROM "schema_migrations" ORDER BY "schema_migrations"."version" ASC[0m
  [1m[35m (4.1ms)[0m  [1m[34mSELECT sqlite_version(*)[0m
  [1m[35m (2.3ms)[0m  [1m[34mSELECT "schema_migrations"."version" FROM "schema_migrations" ORDER BY "schema_migrations"."version" ASC[0m
Migrating to CreateJoinTableSpecialtyDoctors (20200206143353)
  [1m[35m (0.5ms)[0m  [1m[36mbegin transaction[0m
  [1m[35m (4.1ms)[0m  [1m[35mCREATE TABLE "join_table_specialty_doctors" ("id" integer PRIMARY KEY AUTOINCREMENT NOT NULL, "doctor_id" integer, "specialty_id" integer, "created_at" datetime(6) NOT NULL, "updated_at" datetime(6) NOT NULL)[0m
  [1m[35m (0.2ms)[0m  [1m[35mCREATE  INDEX "index_join_table_specialty_doctors_on_doctor_id" ON "join_table_specialty_doctors" ("doctor_id")[0m
  [1m[35m (0.1ms)[0m  [1m[35mCREATE  INDEX "index_join_table_specialty_doctors_on_specialty_id" ON "join_table_specialty_doctors" ("specialty_id")[0m
  [1m[36mprimary::SchemaMigration Create (2.5ms)[0m  [1m[32mINSERT INTO "schema_migrations" ("version") VALUES (?)[0m  [["version", "20200206143353"]]
  [1m[35m (3.4ms)[0m  [1m[36mcommit transaction[0m
  [1m[36mActiveRecord::InternalMetadata Load (2.3ms)[0m  [1m[34mSELECT "ar_internal_metadata".* FROM "ar_internal_metadata" WHERE "ar_internal_metadata"."key" = ? LIMIT ?[0m  [["key", "environment"], ["LIMIT", 1]]
  [1m[35m (0.1ms)[0m  [1m[34mSELECT sqlite_version(*)[0m
  [1m[35m (0.1ms)[0m  [1m[34mSELECT "schema_migrations"."version" FROM "schema_migrations" ORDER BY "schema_migrations"."version" ASC[0m
  [1m[35m (4.2ms)[0m  [1m[34mSELECT sqlite_version(*)[0m
  [1m[35m (2.4ms)[0m  [1m[34mSELECT "schema_migrations"."version" FROM "schema_migrations" ORDER BY "schema_migrations"."version" ASC[0m
  [1m[35m (0.1ms)[0m  [1m[34mSELECT sqlite_version(*)[0m
  [1m[36mDoctor Load (2.3ms)[0m  [1m[34mSELECT "doctors".* FROM "doctors"[0m
  [1m[35m (0.1ms)[0m  [1m[36mbegin transaction[0m
  [1m[36mDoctor Destroy (2.9ms)[0m  [1m[31mDELETE FROM "doctors" WHERE "doctors"."id" = ?[0m  [["id", 1]]
  [1m[35m (3.6ms)[0m  [1m[36mcommit transaction[0m
  [1m[36mPatient Load (2.2ms)[0m  [1m[34mSELECT "patients".* FROM "patients"[0m
  [1m[35m (0.1ms)[0m  [1m[36mbegin transaction[0m
  [1m[36mPatient Destroy (2.6ms)[0m  [1m[31mDELETE FROM "patients" WHERE "patients"."id" = ?[0m  [["id", 1]]
  [1m[35m (2.8ms)[0m  [1m[36mcommit transaction[0m
  [1m[36mAppointment Load (2.4ms)[0m  [1m[34mSELECT "appointments".* FROM "appointments"[0m
  [1m[35m (0.1ms)[0m  [1m[36mbegin transaction[0m
  [1m[36mAppointment Destroy (3.0ms)[0m  [1m[31mDELETE FROM "appointments" WHERE "appointments"."id" = ?[0m  [["id", 1]]
  [1m[35m (2.8ms)[0m  [1m[36mcommit transaction[0m
  [1m[36mCity Load (2.1ms)[0m  [1m[34mSELECT "cities".* FROM "cities"[0m
  [1m[35m (4.0ms)[0m  [1m[34mSELECT sqlite_version(*)[0m
  [1m[35m (2.3ms)[0m  [1m[34mSELECT "schema_migrations"."version" FROM "schema_migrations" ORDER BY "schema_migrations"."version" ASC[0m
  [1m[35m (0.2ms)[0m  [1m[34mSELECT sqlite_version(*)[0m
  [1m[36mDoctor Load (2.2ms)[0m  [1m[34mSELECT "doctors".* FROM "doctors"[0m
  [1m[36mPatient Load (2.1ms)[0m  [1m[34mSELECT "patients".* FROM "patients"[0m
  [1m[36mAppointment Load (2.3ms)[0m  [1m[34mSELECT "appointments".* FROM "appointments"[0m
  [1m[36mCity Load (2.3ms)[0m  [1m[34mSELECT "cities".* FROM "cities"[0m
  [1m[35m (4.0ms)[0m  [1m[34mSELECT sqlite_version(*)[0m
  [1m[35m (2.4ms)[0m  [1m[34mSELECT "schema_migrations"."version" FROM "schema_migrations" ORDER BY "schema_migrations"."version" ASC[0m
  [1m[35m (0.1ms)[0m  [1m[34mSELECT sqlite_version(*)[0m
  [1m[36mDoctor Load (2.2ms)[0m  [1m[34mSELECT "doctors".* FROM "doctors"[0m
  [1m[36mPatient Load (2.2ms)[0m  [1m[34mSELECT "patients".* FROM "patients"[0m
  [1m[36mAppointment Load (2.6ms)[0m  [1m[34mSELECT "appointments".* FROM "appointments"[0m
  [1m[36mCity Load (2.3ms)[0m  [1m[34mSELECT "cities".* FROM "cities"[0m
  [1m[36mSpecialty Load (2.3ms)[0m  [1m[34mSELECT "specialties".* FROM "specialties"[0m
  [1m[36mJoinTableSpecialtyDoctor Load (4.9ms)[0m  [1m[34mSELECT "join_table_specialty_doctors".* FROM "join_table_specialty_doctors"[0m
  [1m[36mCity Load (0.2ms)[0m  [1m[34mSELECT "cities".* FROM "cities" ORDER BY "cities"."id" ASC LIMIT ?[0m  [["LIMIT", 1]]
  [1m[35m (3.9ms)[0m  [1m[34mSELECT sqlite_version(*)[0m
  [1m[35m (2.3ms)[0m  [1m[34mSELECT "schema_migrations"."version" FROM "schema_migrations" ORDER BY "schema_migrations"."version" ASC[0m
  [1m[35m (0.1ms)[0m  [1m[34mSELECT sqlite_version(*)[0m
  [1m[36mDoctor Load (2.6ms)[0m  [1m[34mSELECT "doctors".* FROM "doctors"[0m
  [1m[36mPatient Load (2.3ms)[0m  [1m[34mSELECT "patients".* FROM "patients"[0m
  [1m[36mAppointment Load (2.2ms)[0m  [1m[34mSELECT "appointments".* FROM "appointments"[0m
  [1m[36mCity Load (2.0ms)[0m  [1m[34mSELECT "cities".* FROM "cities"[0m
  [1m[36mSpecialty Load (2.2ms)[0m  [1m[34mSELECT "specialties".* FROM "specialties"[0m
  [1m[36mJoinTableSpecialtyDoctor Load (2.3ms)[0m  [1m[34mSELECT "join_table_specialty_doctors".* FROM "join_table_specialty_doctors"[0m
  [1m[36mCity Load (0.2ms)[0m  [1m[34mSELECT "cities".* FROM "cities" ORDER BY "cities"."id" ASC LIMIT ?[0m  [["LIMIT", 1]]
  [1m[35m (4.4ms)[0m  [1m[34mSELECT sqlite_version(*)[0m
  [1m[35m (2.4ms)[0m  [1m[34mSELECT "schema_migrations"."version" FROM "schema_migrations" ORDER BY "schema_migrations"."version" ASC[0m
  [1m[35m (0.1ms)[0m  [1m[34mSELECT sqlite_version(*)[0m
  [1m[36mDoctor Load (2.2ms)[0m  [1m[34mSELECT "doctors".* FROM "doctors"[0m
  [1m[36mPatient Load (2.3ms)[0m  [1m[34mSELECT "patients".* FROM "patients"[0m
  [1m[36mAppointment Load (2.4ms)[0m  [1m[34mSELECT "appointments".* FROM "appointments"[0m
  [1m[36mCity Load (2.3ms)[0m  [1m[34mSELECT "cities".* FROM "cities"[0m
  [1m[36mSpecialty Load (2.3ms)[0m  [1m[34mSELECT "specialties".* FROM "specialties"[0m
  [1m[36mJoinTableSpecialtyDoctor Load (2.3ms)[0m  [1m[34mSELECT "join_table_specialty_doctors".* FROM "join_table_specialty_doctors"[0m
  [1m[35m (4.3ms)[0m  [1m[34mSELECT sqlite_version(*)[0m
  [1m[35m (2.7ms)[0m  [1m[34mSELECT "schema_migrations"."version" FROM "schema_migrations" ORDER BY "schema_migrations"."version" ASC[0m
  [1m[35m (0.1ms)[0m  [1m[34mSELECT sqlite_version(*)[0m
  [1m[36mDoctor Load (2.2ms)[0m  [1m[34mSELECT "doctors".* FROM "doctors"[0m
  [1m[36mPatient Load (2.4ms)[0m  [1m[34mSELECT "patients".* FROM "patients"[0m
  [1m[36mAppointment Load (2.4ms)[0m  [1m[34mSELECT "appointments".* FROM "appointments"[0m
  [1m[36mCity Load (2.3ms)[0m  [1m[34mSELECT "cities".* FROM "cities"[0m
  [1m[36mSpecialty Load (2.6ms)[0m  [1m[34mSELECT "specialties".* FROM "specialties"[0m
  [1m[36mJoinTableSpecialtyDoctor Load (2.4ms)[0m  [1m[34mSELECT "join_table_specialty_doctors".* FROM "join_table_specialty_doctors"[0m
  [1m[35m (0.1ms)[0m  [1m[36mbegin transaction[0m
  [1m[36mCity Create (0.9ms)[0m  [1m[32mINSERT INTO "cities" ("city_name", "created_at", "updated_at") VALUES (?, ?, ?)[0m  [["city_name", "East Jodi"], ["created_at", "2020-02-06 15:11:26.782925"], ["updated_at", "2020-02-06 15:11:26.782925"]]
  [1m[35m (5.5ms)[0m  [1m[36mcommit transaction[0m
  [1m[35m (0.1ms)[0m  [1m[36mbegin transaction[0m
  [1m[36mCity Create (0.6ms)[0m  [1m[32mINSERT INTO "cities" ("city_name", "created_at", "updated_at") VALUES (?, ?, ?)[0m  [["city_name", "Lake Hoytchester"], ["created_at", "2020-02-06 15:11:26.802491"], ["updated_at", "2020-02-06 15:11:26.802491"]]
  [1m[35m (1.0ms)[0m  [1m[36mcommit transaction[0m
  [1m[35m (0.1ms)[0m  [1m[36mbegin transaction[0m
  [1m[36mCity Create (0.3ms)[0m  [1m[32mINSERT INTO "cities" ("city_name", "created_at", "updated_at") VALUES (?, ?, ?)[0m  [["city_name", "Virginatown"], ["created_at", "2020-02-06 15:11:26.810655"], ["updated_at", "2020-02-06 15:11:26.810655"]]
  [1m[35m (2.7ms)[0m  [1m[36mcommit transaction[0m
  [1m[35m (0.1ms)[0m  [1m[36mbegin transaction[0m
  [1m[36mCity Create (0.4ms)[0m  [1m[32mINSERT INTO "cities" ("city_name", "created_at", "updated_at") VALUES (?, ?, ?)[0m  [["city_name", "Sengerfurt"], ["created_at", "2020-02-06 15:11:26.818332"], ["updated_at", "2020-02-06 15:11:26.818332"]]
  [1m[35m (2.8ms)[0m  [1m[36mcommit transaction[0m
  [1m[35m (0.1ms)[0m  [1m[36mbegin transaction[0m
  [1m[36mCity Create (0.4ms)[0m  [1m[32mINSERT INTO "cities" ("city_name", "created_at", "updated_at") VALUES (?, ?, ?)[0m  [["city_name", "West Lecia"], ["created_at", "2020-02-06 15:11:26.826199"], ["updated_at", "2020-02-06 15:11:26.826199"]]
  [1m[35m (2.7ms)[0m  [1m[36mcommit transaction[0m
  [1m[36mCity Load (0.2ms)[0m  [1m[34mSELECT "cities".* FROM "cities" ORDER BY "cities"."id" ASC LIMIT ?[0m  [["LIMIT", 1]]
  [1m[36mCity Load (0.1ms)[0m  [1m[34mSELECT "cities".* FROM "cities" ORDER BY "cities"."id" DESC LIMIT ?[0m  [["LIMIT", 1]]
  [1m[35m (0.1ms)[0m  [1m[36mbegin transaction[0m
  [1m[36mPatient Create (2.9ms)[0m  [1m[32mINSERT INTO "patients" ("first_name", "last_name", "created_at", "updated_at", "city_id") VALUES (?, ?, ?, ?, ?)[0m  [["first_name", "Kanesha"], ["last_name", "Renner"], ["created_at", "2020-02-06 15:11:26.841254"], ["updated_at", "2020-02-06 15:11:26.841254"], ["city_id", 4]]
  [1m[35m (2.8ms)[0m  [1m[36mcommit transaction[0m
  [1m[36mCity Load (0.1ms)[0m  [1m[34mSELECT "cities".* FROM "cities" ORDER BY "cities"."id" ASC LIMIT ?[0m  [["LIMIT", 1]]
  [1m[36mCity Load (0.1ms)[0m  [1m[34mSELECT "cities".* FROM "cities" ORDER BY "cities"."id" DESC LIMIT ?[0m  [["LIMIT", 1]]
  [1m[35m (0.0ms)[0m  [1m[36mbegin transaction[0m
  [1m[36mPatient Create (0.6ms)[0m  [1m[32mINSERT INTO "patients" ("first_name", "last_name", "created_at", "updated_at", "city_id") VALUES (?, ?, ?, ?, ?)[0m  [["first_name", "Alethea"], ["last_name", "Walter"], ["created_at", "2020-02-06 15:11:26.854800"], ["updated_at", "2020-02-06 15:11:26.854800"], ["city_id", 5]]
  [1m[35m (2.9ms)[0m  [1m[36mcommit transaction[0m
  [1m[36mCity Load (0.1ms)[0m  [1m[34mSELECT "cities".* FROM "cities" ORDER BY "cities"."id" ASC LIMIT ?[0m  [["LIMIT", 1]]
  [1m[36mCity Load (0.1ms)[0m  [1m[34mSELECT "cities".* FROM "cities" ORDER BY "cities"."id" DESC LIMIT ?[0m  [["LIMIT", 1]]
  [1m[35m (0.1ms)[0m  [1m[36mbegin transaction[0m
  [1m[36mPatient Create (0.4ms)[0m  [1m[32mINSERT INTO "patients" ("first_name", "last_name", "created_at", "updated_at", "city_id") VALUES (?, ?, ?, ?, ?)[0m  [["first_name", "Karole"], ["last_name", "Kreiger"], ["created_at", "2020-02-06 15:11:26.864173"], ["updated_at", "2020-02-06 15:11:26.864173"], ["city_id", 1]]
  [1m[35m (2.6ms)[0m  [1m[36mcommit transaction[0m
  [1m[36mCity Load (0.1ms)[0m  [1m[34mSELECT "cities".* FROM "cities" ORDER BY "cities"."id" ASC LIMIT ?[0m  [["LIMIT", 1]]
  [1m[36mCity Load (0.1ms)[0m  [1m[34mSELECT "cities".* FROM "cities" ORDER BY "cities"."id" DESC LIMIT ?[0m  [["LIMIT", 1]]
  [1m[35m (0.1ms)[0m  [1m[36mbegin transaction[0m
  [1m[36mPatient Create (0.4ms)[0m  [1m[32mINSERT INTO "patients" ("first_name", "last_name", "created_at", "updated_at", "city_id") VALUES (?, ?, ?, ?, ?)[0m  [["first_name", "Eddie"], ["last_name", "Keeling"], ["created_at", "2020-02-06 15:11:26.873169"], ["updated_at", "2020-02-06 15:11:26.873169"], ["city_id", 2]]
  [1m[35m (2.9ms)[0m  [1m[36mcommit transaction[0m
  [1m[36mCity Load (0.2ms)[0m  [1m[34mSELECT "cities".* FROM "cities" ORDER BY "cities"."id" ASC LIMIT ?[0m  [["LIMIT", 1]]
  [1m[36mCity Load (0.1ms)[0m  [1m[34mSELECT "cities".* FROM "cities" ORDER BY "cities"."id" DESC LIMIT ?[0m  [["LIMIT", 1]]
  [1m[35m (0.1ms)[0m  [1m[36mbegin transaction[0m
  [1m[36mPatient Create (0.4ms)[0m  [1m[32mINSERT INTO "patients" ("first_name", "last_name", "created_at", "updated_at", "city_id") VALUES (?, ?, ?, ?, ?)[0m  [["first_name", "Walton"], ["last_name", "Connelly"], ["created_at", "2020-02-06 15:11:26.884341"], ["updated_at", "2020-02-06 15:11:26.884341"], ["city_id", 2]]
  [1m[35m (2.8ms)[0m  [1m[36mcommit transaction[0m
  [1m[36mCity Load (0.3ms)[0m  [1m[34mSELECT "cities".* FROM "cities" ORDER BY "cities"."id" ASC LIMIT ?[0m  [["LIMIT", 1]]
  [1m[36mCity Load (0.1ms)[0m  [1m[34mSELECT "cities".* FROM "cities" ORDER BY "cities"."id" DESC LIMIT ?[0m  [["LIMIT", 1]]
  [1m[35m (0.1ms)[0m  [1m[36mbegin transaction[0m
  [1m[36mDoctor Create (3.0ms)[0m  [1m[32mINSERT INTO "doctors" ("first_name", "last_name", "zip_code", "created_at", "updated_at", "city_id") VALUES (?, ?, ?, ?, ?, ?)[0m  [["first_name", "Whitney"], ["last_name", "Yundt"], ["zip_code", "67108-1532"], ["created_at", "2020-02-06 15:11:26.901982"], ["updated_at", "2020-02-06 15:11:26.901982"], ["city_id", 3]]
  [1m[35m (2.6ms)[0m  [1m[36mcommit transaction[0m
  [1m[36mCity Load (0.1ms)[0m  [1m[34mSELECT "cities".* FROM "cities" ORDER BY "cities"."id" ASC LIMIT ?[0m  [["LIMIT", 1]]
  [1m[36mCity Load (0.1ms)[0m  [1m[34mSELECT "cities".* FROM "cities" ORDER BY "cities"."id" DESC LIMIT ?[0m  [["LIMIT", 1]]
  [1m[35m (0.1ms)[0m  [1m[36mbegin transaction[0m
  [1m[36mDoctor Create (0.4ms)[0m  [1m[32mINSERT INTO "doctors" ("first_name", "last_name", "zip_code", "created_at", "updated_at", "city_id") VALUES (?, ?, ?, ?, ?, ?)[0m  [["first_name", "Waylon"], ["last_name", "Stracke"], ["zip_code", "78708-1720"], ["created_at", "2020-02-06 15:11:26.914501"], ["updated_at", "2020-02-06 15:11:26.914501"], ["city_id", 2]]
  [1m[35m (2.7ms)[0m  [1m[36mcommit transaction[0m
  [1m[36mCity Load (0.2ms)[0m  [1m[34mSELECT "cities".* FROM "cities" ORDER BY "cities"."id" ASC LIMIT ?[0m  [["LIMIT", 1]]
  [1m[36mCity Load (0.1ms)[0m  [1m[34mSELECT "cities".* FROM "cities" ORDER BY "cities"."id" DESC LIMIT ?[0m  [["LIMIT", 1]]
  [1m[35m (0.0ms)[0m  [1m[36mbegin transaction[0m
  [1m[36mDoctor Create (0.4ms)[0m  [1m[32mINSERT INTO "doctors" ("first_name", "last_name", "zip_code", "created_at", "updated_at", "city_id") VALUES (?, ?, ?, ?, ?, ?)[0m  [["first_name", "Casie"], ["last_name", "Mante"], ["zip_code", "26466-1232"], ["created_at", "2020-02-06 15:11:26.925223"], ["updated_at", "2020-02-06 15:11:26.925223"], ["city_id", 2]]
  [1m[35m (2.6ms)[0m  [1m[36mcommit transaction[0m
  [1m[36mCity Load (0.2ms)[0m  [1m[34mSELECT "cities".* FROM "cities" ORDER BY "cities"."id" ASC LIMIT ?[0m  [["LIMIT", 1]]
  [1m[36mCity Load (0.1ms)[0m  [1m[34mSELECT "cities".* FROM "cities" ORDER BY "cities"."id" DESC LIMIT ?[0m  [["LIMIT", 1]]
  [1m[35m (0.1ms)[0m  [1m[36mbegin transaction[0m
  [1m[36mDoctor Create (0.4ms)[0m  [1m[32mINSERT INTO "doctors" ("first_name", "last_name", "zip_code", "created_at", "updated_at", "city_id") VALUES (?, ?, ?, ?, ?, ?)[0m  [["first_name", "Alonzo"], ["last_name", "Corkery"], ["zip_code", "23216-5160"], ["created_at", "2020-02-06 15:11:26.942661"], ["updated_at", "2020-02-06 15:11:26.942661"], ["city_id", 1]]
  [1m[35m (2.8ms)[0m  [1m[36mcommit transaction[0m
  [1m[36mCity Load (0.2ms)[0m  [1m[34mSELECT "cities".* FROM "cities" ORDER BY "cities"."id" ASC LIMIT ?[0m  [["LIMIT", 1]]
  [1m[36mCity Load (0.1ms)[0m  [1m[34mSELECT "cities".* FROM "cities" ORDER BY "cities"."id" DESC LIMIT ?[0m  [["LIMIT", 1]]
  [1m[35m (0.1ms)[0m  [1m[36mbegin transaction[0m
  [1m[36mDoctor Create (0.4ms)[0m  [1m[32mINSERT INTO "doctors" ("first_name", "last_name", "zip_code", "created_at", "updated_at", "city_id") VALUES (?, ?, ?, ?, ?, ?)[0m  [["first_name", "Mira"], ["last_name", "Dickens"], ["zip_code", "90499"], ["created_at", "2020-02-06 15:11:26.953035"], ["updated_at", "2020-02-06 15:11:26.953035"], ["city_id", 1]]
  [1m[35m (2.7ms)[0m  [1m[36mcommit transaction[0m
  [1m[35m (0.1ms)[0m  [1m[36mbegin transaction[0m
  [1m[36mSpecialty Create (2.5ms)[0m  [1m[32mINSERT INTO "specialties" ("specialty_name", "created_at", "updated_at") VALUES (?, ?, ?)[0m  [["specialty_name", "Administration"], ["created_at", "2020-02-06 15:11:26.963898"], ["updated_at", "2020-02-06 15:11:26.963898"]]
  [1m[35m (2.6ms)[0m  [1m[36mcommit transaction[0m
  [1m[35m (0.1ms)[0m  [1m[36mbegin transaction[0m
  [1m[36mSpecialty Create (0.4ms)[0m  [1m[32mINSERT INTO "specialties" ("specialty_name", "created_at", "updated_at") VALUES (?, ?, ?)[0m  [["specialty_name", "Hospitality"], ["created_at", "2020-02-06 15:11:26.973079"], ["updated_at", "2020-02-06 15:11:26.973079"]]
  [1m[35m (2.8ms)[0m  [1m[36mcommit transaction[0m
  [1m[35m (0.1ms)[0m  [1m[36mbegin transaction[0m
  [1m[36mSpecialty Create (0.4ms)[0m  [1m[32mINSERT INTO "specialties" ("specialty_name", "created_at", "updated_at") VALUES (?, ?, ?)[0m  [["specialty_name", "Farming"], ["created_at", "2020-02-06 15:11:26.980243"], ["updated_at", "2020-02-06 15:11:26.980243"]]
  [1m[35m (2.6ms)[0m  [1m[36mcommit transaction[0m
  [1m[35m (0.1ms)[0m  [1m[36mbegin transaction[0m
  [1m[36mSpecialty Create (0.4ms)[0m  [1m[32mINSERT INTO "specialties" ("specialty_name", "created_at", "updated_at") VALUES (?, ?, ?)[0m  [["specialty_name", "Technology"], ["created_at", "2020-02-06 15:11:26.989243"], ["updated_at", "2020-02-06 15:11:26.989243"]]
  [1m[35m (2.7ms)[0m  [1m[36mcommit transaction[0m
  [1m[35m (0.1ms)[0m  [1m[36mbegin transaction[0m
  [1m[36mSpecialty Create (0.4ms)[0m  [1m[32mINSERT INTO "specialties" ("specialty_name", "created_at", "updated_at") VALUES (?, ?, ?)[0m  [["specialty_name", "Retail"], ["created_at", "2020-02-06 15:11:26.996309"], ["updated_at", "2020-02-06 15:11:26.996309"]]
  [1m[35m (2.7ms)[0m  [1m[36mcommit transaction[0m
  [1m[36mSpecialty Load (0.2ms)[0m  [1m[34mSELECT "specialties".* FROM "specialties" ORDER BY "specialties"."id" ASC LIMIT ?[0m  [["LIMIT", 1]]
  [1m[36mSpecialty Load (0.2ms)[0m  [1m[34mSELECT "specialties".* FROM "specialties" ORDER BY "specialties"."id" DESC LIMIT ?[0m  [["LIMIT", 1]]
  [1m[36mDoctor Load (0.2ms)[0m  [1m[34mSELECT "doctors".* FROM "doctors" ORDER BY "doctors"."id" ASC LIMIT ?[0m  [["LIMIT", 1]]
  [1m[36mDoctor Load (0.2ms)[0m  [1m[34mSELECT "doctors".* FROM "doctors" ORDER BY "doctors"."id" DESC LIMIT ?[0m  [["LIMIT", 1]]
  [1m[35m (0.1ms)[0m  [1m[36mbegin transaction[0m
  [1m[36mDoctor Load (0.9ms)[0m  [1m[34mSELECT "doctors".* FROM "doctors" WHERE "doctors"."id" = ? LIMIT ?[0m  [["id", 5], ["LIMIT", 1]]
  [1m[36mSpecialty Load (0.2ms)[0m  [1m[34mSELECT "specialties".* FROM "specialties" WHERE "specialties"."id" = ? LIMIT ?[0m  [["id", 4], ["LIMIT", 1]]
  [1m[36mJoinTableSpecialtyDoctor Create (0.8ms)[0m  [1m[32mINSERT INTO "join_table_specialty_doctors" ("doctor_id", "specialty_id", "created_at", "updated_at") VALUES (?, ?, ?, ?)[0m  [["doctor_id", 5], ["specialty_id", 4], ["created_at", "2020-02-06 15:11:27.065718"], ["updated_at", "2020-02-06 15:11:27.065718"]]
  [1m[35m (3.3ms)[0m  [1m[36mcommit transaction[0m
  [1m[36mSpecialty Load (0.2ms)[0m  [1m[34mSELECT "specialties".* FROM "specialties" ORDER BY "specialties"."id" ASC LIMIT ?[0m  [["LIMIT", 1]]
  [1m[36mSpecialty Load (0.1ms)[0m  [1m[34mSELECT "specialties".* FROM "specialties" ORDER BY "specialties"."id" DESC LIMIT ?[0m  [["LIMIT", 1]]
  [1m[36mDoctor Load (0.1ms)[0m  [1m[34mSELECT "doctors".* FROM "doctors" ORDER BY "doctors"."id" ASC LIMIT ?[0m  [["LIMIT", 1]]
  [1m[36mDoctor Load (0.1ms)[0m  [1m[34mSELECT "doctors".* FROM "doctors" ORDER BY "doctors"."id" DESC LIMIT ?[0m  [["LIMIT", 1]]
  [1m[35m (0.1ms)[0m  [1m[36mbegin transaction[0m
  [1m[36mDoctor Load (0.2ms)[0m  [1m[34mSELECT "doctors".* FROM "doctors" WHERE "doctors"."id" = ? LIMIT ?[0m  [["id", 4], ["LIMIT", 1]]
  [1m[36mSpecialty Load (0.1ms)[0m  [1m[34mSELECT "specialties".* FROM "specialties" WHERE "specialties"."id" = ? LIMIT ?[0m  [["id", 1], ["LIMIT", 1]]
  [1m[36mJoinTableSpecialtyDoctor Create (0.4ms)[0m  [1m[32mINSERT INTO "join_table_specialty_doctors" ("doctor_id", "specialty_id", "created_at", "updated_at") VALUES (?, ?, ?, ?)[0m  [["doctor_id", 4], ["specialty_id", 1], ["created_at", "2020-02-06 15:11:27.082562"], ["updated_at", "2020-02-06 15:11:27.082562"]]
  [1m[35m (2.6ms)[0m  [1m[36mcommit transaction[0m
  [1m[36mSpecialty Load (0.2ms)[0m  [1m[34mSELECT "specialties".* FROM "specialties" ORDER BY "specialties"."id" ASC LIMIT ?[0m  [["LIMIT", 1]]
  [1m[36mSpecialty Load (0.1ms)[0m  [1m[34mSELECT "specialties".* FROM "specialties" ORDER BY "specialties"."id" DESC LIMIT ?[0m  [["LIMIT", 1]]
  [1m[36mDoctor Load (0.1ms)[0m  [1m[34mSELECT "doctors".* FROM "doctors" ORDER BY "doctors"."id" ASC LIMIT ?[0m  [["LIMIT", 1]]
  [1m[36mDoctor Load (0.1ms)[0m  [1m[34mSELECT "doctors".* FROM "doctors" ORDER BY "doctors"."id" DESC LIMIT ?[0m  [["LIMIT", 1]]
  [1m[35m (0.1ms)[0m  [1m[36mbegin transaction[0m
  [1m[36mDoctor Load (0.1ms)[0m  [1m[34mSELECT "doctors".* FROM "doctors" WHERE "doctors"."id" = ? LIMIT ?[0m  [["id", 2], ["LIMIT", 1]]
  [1m[36mSpecialty Load (0.1ms)[0m  [1m[34mSELECT "specialties".* FROM "specialties" WHERE "specialties"."id" = ? LIMIT ?[0m  [["id", 4], ["LIMIT", 1]]
  [1m[36mJoinTableSpecialtyDoctor Create (0.4ms)[0m  [1m[32mINSERT INTO "join_table_specialty_doctors" ("doctor_id", "specialty_id", "created_at", "updated_at") VALUES (?, ?, ?, ?)[0m  [["doctor_id", 2], ["specialty_id", 4], ["created_at", "2020-02-06 15:11:27.097325"], ["updated_at", "2020-02-06 15:11:27.097325"]]
  [1m[35m (2.7ms)[0m  [1m[36mcommit transaction[0m
  [1m[36mSpecialty Load (0.2ms)[0m  [1m[34mSELECT "specialties".* FROM "specialties" ORDER BY "specialties"."id" ASC LIMIT ?[0m  [["LIMIT", 1]]
  [1m[36mSpecialty Load (0.1ms)[0m  [1m[34mSELECT "specialties".* FROM "specialties" ORDER BY "specialties"."id" DESC LIMIT ?[0m  [["LIMIT", 1]]
  [1m[36mDoctor Load (0.1ms)[0m  [1m[34mSELECT "doctors".* FROM "doctors" ORDER BY "doctors"."id" ASC LIMIT ?[0m  [["LIMIT", 1]]
  [1m[36mDoctor Load (1.2ms)[0m  [1m[34mSELECT "doctors".* FROM "doctors" ORDER BY "doctors"."id" DESC LIMIT ?[0m  [["LIMIT", 1]]
  [1m[35m (0.1ms)[0m  [1m[36mbegin transaction[0m
  [1m[36mDoctor Load (0.1ms)[0m  [1m[34mSELECT "doctors".* FROM "doctors" WHERE "doctors"."id" = ? LIMIT ?[0m  [["id", 4], ["LIMIT", 1]]
  [1m[36mSpecialty Load (0.1ms)[0m  [1m[34mSELECT "specialties".* FROM "specialties" WHERE "specialties"."id" = ? LIMIT ?[0m  [["id", 1], ["LIMIT", 1]]
  [1m[36mJoinTableSpecialtyDoctor Create (0.5ms)[0m  [1m[32mINSERT INTO "join_table_specialty_doctors" ("doctor_id", "specialty_id", "created_at", "updated_at") VALUES (?, ?, ?, ?)[0m  [["doctor_id", 4], ["specialty_id", 1], ["created_at", "2020-02-06 15:11:27.116614"], ["updated_at", "2020-02-06 15:11:27.116614"]]
  [1m[35m (2.8ms)[0m  [1m[36mcommit transaction[0m
  [1m[36mSpecialty Load (0.1ms)[0m  [1m[34mSELECT "specialties".* FROM "specialties" ORDER BY "specialties"."id" ASC LIMIT ?[0m  [["LIMIT", 1]]
  [1m[36mSpecialty Load (0.1ms)[0m  [1m[34mSELECT "specialties".* FROM "specialties" ORDER BY "specialties"."id" DESC LIMIT ?[0m  [["LIMIT", 1]]
  [1m[36mDoctor Load (0.1ms)[0m  [1m[34mSELECT "doctors".* FROM "doctors" ORDER BY "doctors"."id" ASC LIMIT ?[0m  [["LIMIT", 1]]
  [1m[36mDoctor Load (0.1ms)[0m  [1m[34mSELECT "doctors".* FROM "doctors" ORDER BY "doctors"."id" DESC LIMIT ?[0m  [["LIMIT", 1]]
  [1m[35m (0.1ms)[0m  [1m[36mbegin transaction[0m
  [1m[36mDoctor Load (0.1ms)[0m  [1m[34mSELECT "doctors".* FROM "doctors" WHERE "doctors"."id" = ? LIMIT ?[0m  [["id", 1], ["LIMIT", 1]]
  [1m[36mSpecialty Load (0.1ms)[0m  [1m[34mSELECT "specialties".* FROM "specialties" WHERE "specialties"."id" = ? LIMIT ?[0m  [["id", 1], ["LIMIT", 1]]
  [1m[36mJoinTableSpecialtyDoctor Create (0.5ms)[0m  [1m[32mINSERT INTO "join_table_specialty_doctors" ("doctor_id", "specialty_id", "created_at", "updated_at") VALUES (?, ?, ?, ?)[0m  [["doctor_id", 1], ["specialty_id", 1], ["created_at", "2020-02-06 15:11:27.136035"], ["updated_at", "2020-02-06 15:11:27.136035"]]
  [1m[35m (2.7ms)[0m  [1m[36mcommit transaction[0m
  [1m[36mPatient Load (0.2ms)[0m  [1m[34mSELECT "patients".* FROM "patients" ORDER BY "patients"."id" ASC LIMIT ?[0m  [["LIMIT", 1]]
  [1m[36mPatient Load (0.2ms)[0m  [1m[34mSELECT "patients".* FROM "patients" ORDER BY "patients"."id" DESC LIMIT ?[0m  [["LIMIT", 1]]
  [1m[36mDoctor Load (0.1ms)[0m  [1m[34mSELECT "doctors".* FROM "doctors" ORDER BY "doctors"."id" ASC LIMIT ?[0m  [["LIMIT", 1]]
  [1m[36mDoctor Load (0.1ms)[0m  [1m[34mSELECT "doctors".* FROM "doctors" ORDER BY "doctors"."id" DESC LIMIT ?[0m  [["LIMIT", 1]]
  [1m[36mCity Load (0.2ms)[0m  [1m[34mSELECT "cities".* FROM "cities" ORDER BY "cities"."id" ASC LIMIT ?[0m  [["LIMIT", 1]]
  [1m[36mCity Load (0.1ms)[0m  [1m[34mSELECT "cities".* FROM "cities" ORDER BY "cities"."id" DESC LIMIT ?[0m  [["LIMIT", 1]]
  [1m[35m (0.1ms)[0m  [1m[36mbegin transaction[0m
  [1m[36mDoctor Load (0.1ms)[0m  [1m[34mSELECT "doctors".* FROM "doctors" WHERE "doctors"."id" = ? LIMIT ?[0m  [["id", 4], ["LIMIT", 1]]
  [1m[36mPatient Load (0.1ms)[0m  [1m[34mSELECT "patients".* FROM "patients" WHERE "patients"."id" = ? LIMIT ?[0m  [["id", 5], ["LIMIT", 1]]
  [1m[36mAppointment Create (3.0ms)[0m  [1m[32mINSERT INTO "appointments" ("doctor_id", "patient_id", "created_at", "updated_at", "city_id") VALUES (?, ?, ?, ?, ?)[0m  [["doctor_id", 4], ["patient_id", 5], ["created_at", "2020-02-06 15:11:27.163404"], ["updated_at", "2020-02-06 15:11:27.163404"], ["city_id", 2]]
  [1m[35m (3.0ms)[0m  [1m[36mcommit transaction[0m
  [1m[36mPatient Load (0.1ms)[0m  [1m[34mSELECT "patients".* FROM "patients" ORDER BY "patients"."id" ASC LIMIT ?[0m  [["LIMIT", 1]]
  [1m[36mPatient Load (0.1ms)[0m  [1m[34mSELECT "patients".* FROM "patients" ORDER BY "patients"."id" DESC LIMIT ?[0m  [["LIMIT", 1]]
  [1m[36mDoctor Load (0.1ms)[0m  [1m[34mSELECT "doctors".* FROM "doctors" ORDER BY "doctors"."id" ASC LIMIT ?[0m  [["LIMIT", 1]]
  [1m[36mDoctor Load (0.1ms)[0m  [1m[34mSELECT "doctors".* FROM "doctors" ORDER BY "doctors"."id" DESC LIMIT ?[0m  [["LIMIT", 1]]
  [1m[36mCity Load (0.1ms)[0m  [1m[34mSELECT "cities".* FROM "cities" ORDER BY "cities"."id" ASC LIMIT ?[0m  [["LIMIT", 1]]
  [1m[36mCity Load (0.1ms)[0m  [1m[34mSELECT "cities".* FROM "cities" ORDER BY "cities"."id" DESC LIMIT ?[0m  [["LIMIT", 1]]
  [1m[35m (0.0ms)[0m  [1m[36mbegin transaction[0m
  [1m[36mDoctor Load (0.1ms)[0m  [1m[34mSELECT "doctors".* FROM "doctors" WHERE "doctors"."id" = ? LIMIT ?[0m  [["id", 1], ["LIMIT", 1]]
  [1m[36mPatient Load (0.1ms)[0m  [1m[34mSELECT "patients".* FROM "patients" WHERE "patients"."id" = ? LIMIT ?[0m  [["id", 3], ["LIMIT", 1]]
  [1m[36mAppointment Create (0.4ms)[0m  [1m[32mINSERT INTO "appointments" ("doctor_id", "patient_id", "created_at", "updated_at", "city_id") VALUES (?, ?, ?, ?, ?)[0m  [["doctor_id", 1], ["patient_id", 3], ["created_at", "2020-02-06 15:11:27.184320"], ["updated_at", "2020-02-06 15:11:27.184320"], ["city_id", 3]]
  [1m[35m (2.9ms)[0m  [1m[36mcommit transaction[0m
  [1m[36mPatient Load (0.2ms)[0m  [1m[34mSELECT "patients".* FROM "patients" ORDER BY "patients"."id" ASC LIMIT ?[0m  [["LIMIT", 1]]
  [1m[36mPatient Load (0.2ms)[0m  [1m[34mSELECT "patients".* FROM "patients" ORDER BY "patients"."id" DESC LIMIT ?[0m  [["LIMIT", 1]]
  [1m[36mDoctor Load (0.2ms)[0m  [1m[34mSELECT "doctors".* FROM "doctors" ORDER BY "doctors"."id" ASC LIMIT ?[0m  [["LIMIT", 1]]
  [1m[36mDoctor Load (0.1ms)[0m  [1m[34mSELECT "doctors".* FROM "doctors" ORDER BY "doctors"."id" DESC LIMIT ?[0m  [["LIMIT", 1]]
  [1m[36mCity Load (0.1ms)[0m  [1m[34mSELECT "cities".* FROM "cities" ORDER BY "cities"."id" ASC LIMIT ?[0m  [["LIMIT", 1]]
  [1m[36mCity Load (0.1ms)[0m  [1m[34mSELECT "cities".* FROM "cities" ORDER BY "cities"."id" DESC LIMIT ?[0m  [["LIMIT", 1]]
  [1m[35m (0.1ms)[0m  [1m[36mbegin transaction[0m
  [1m[36mDoctor Load (0.1ms)[0m  [1m[34mSELECT "doctors".* FROM "doctors" WHERE "doctors"."id" = ? LIMIT ?[0m  [["id", 4], ["LIMIT", 1]]
  [1m[36mPatient Load (0.1ms)[0m  [1m[34mSELECT "patients".* FROM "patients" WHERE "patients"."id" = ? LIMIT ?[0m  [["id", 4], ["LIMIT", 1]]
  [1m[36mAppointment Create (0.6ms)[0m  [1m[32mINSERT INTO "appointments" ("doctor_id", "patient_id", "created_at", "updated_at", "city_id") VALUES (?, ?, ?, ?, ?)[0m  [["doctor_id", 4], ["patient_id", 4], ["created_at", "2020-02-06 15:11:27.208282"], ["updated_at", "2020-02-06 15:11:27.208282"], ["city_id", 2]]
  [1m[35m (2.4ms)[0m  [1m[36mcommit transaction[0m
  [1m[36mPatient Load (0.1ms)[0m  [1m[34mSELECT "patients".* FROM "patients" ORDER BY "patients"."id" ASC LIMIT ?[0m  [["LIMIT", 1]]
  [1m[36mPatient Load (0.2ms)[0m  [1m[34mSELECT "patients".* FROM "patients" ORDER BY "patients"."id" DESC LIMIT ?[0m  [["LIMIT", 1]]
  [1m[36mDoctor Load (0.2ms)[0m  [1m[34mSELECT "doctors".* FROM "doctors" ORDER BY "doctors"."id" ASC LIMIT ?[0m  [["LIMIT", 1]]
  [1m[36mDoctor Load (0.2ms)[0m  [1m[34mSELECT "doctors".* FROM "doctors" ORDER BY "doctors"."id" DESC LIMIT ?[0m  [["LIMIT", 1]]
  [1m[36mCity Load (0.2ms)[0m  [1m[34mSELECT "cities".* FROM "cities" ORDER BY "cities"."id" ASC LIMIT ?[0m  [["LIMIT", 1]]
  [1m[36mCity Load (0.2ms)[0m  [1m[34mSELECT "cities".* FROM "cities" ORDER BY "cities"."id" DESC LIMIT ?[0m  [["LIMIT", 1]]
  [1m[35m (0.1ms)[0m  [1m[36mbegin transaction[0m
  [1m[36mDoctor Load (0.1ms)[0m  [1m[34mSELECT "doctors".* FROM "doctors" WHERE "doctors"."id" = ? LIMIT ?[0m  [["id", 2], ["LIMIT", 1]]
  [1m[36mPatient Load (0.1ms)[0m  [1m[34mSELECT "patients".* FROM "patients" WHERE "patients"."id" = ? LIMIT ?[0m  [["id", 5], ["LIMIT", 1]]
  [1m[36mAppointment Create (0.5ms)[0m  [1m[32mINSERT INTO "appointments" ("doctor_id", "patient_id", "created_at", "updated_at", "city_id") VALUES (?, ?, ?, ?, ?)[0m  [["doctor_id", 2], ["patient_id", 5], ["created_at", "2020-02-06 15:11:27.232522"], ["updated_at", "2020-02-06 15:11:27.232522"], ["city_id", 3]]
  [1m[35m (3.2ms)[0m  [1m[36mcommit transaction[0m
  [1m[36mPatient Load (0.3ms)[0m  [1m[34mSELECT "patients".* FROM "patients" ORDER BY "patients"."id" ASC LIMIT ?[0m  [["LIMIT", 1]]
  [1m[36mPatient Load (0.2ms)[0m  [1m[34mSELECT "patients".* FROM "patients" ORDER BY "patients"."id" DESC LIMIT ?[0m  [["LIMIT", 1]]
  [1m[36mDoctor Load (0.1ms)[0m  [1m[34mSELECT "doctors".* FROM "doctors" ORDER BY "doctors"."id" ASC LIMIT ?[0m  [["LIMIT", 1]]
  [1m[36mDoctor Load (0.1ms)[0m  [1m[34mSELECT "doctors".* FROM "doctors" ORDER BY "doctors"."id" DESC LIMIT ?[0m  [["LIMIT", 1]]
  [1m[36mCity Load (0.1ms)[0m  [1m[34mSELECT "cities".* FROM "cities" ORDER BY "cities"."id" ASC LIMIT ?[0m  [["LIMIT", 1]]
  [1m[36mCity Load (0.1ms)[0m  [1m[34mSELECT "cities".* FROM "cities" ORDER BY "cities"."id" DESC LIMIT ?[0m  [["LIMIT", 1]]
  [1m[35m (0.1ms)[0m  [1m[36mbegin transaction[0m
  [1m[36mDoctor Load (0.2ms)[0m  [1m[34mSELECT "doctors".* FROM "doctors" WHERE "doctors"."id" = ? LIMIT ?[0m  [["id", 3], ["LIMIT", 1]]
  [1m[36mPatient Load (0.1ms)[0m  [1m[34mSELECT "patients".* FROM "patients" WHERE "patients"."id" = ? LIMIT ?[0m  [["id", 5], ["LIMIT", 1]]
  [1m[36mAppointment Create (0.8ms)[0m  [1m[32mINSERT INTO "appointments" ("doctor_id", "patient_id", "created_at", "updated_at", "city_id") VALUES (?, ?, ?, ?, ?)[0m  [["doctor_id", 3], ["patient_id", 5], ["created_at", "2020-02-06 15:11:27.259884"], ["updated_at", "2020-02-06 15:11:27.259884"], ["city_id", 2]]
  [1m[35m (2.4ms)[0m  [1m[36mcommit transaction[0m
  [1m[35m (4.2ms)[0m  [1m[34mSELECT sqlite_version(*)[0m
  [1m[36mCity Load (0.3ms)[0m  [1m[34mSELECT "cities".* FROM "cities"[0m
  [1m[36mPatient Load (0.3ms)[0m  [1m[34mSELECT "patients".* FROM "patients"[0m
  [1m[36mDoctor Load (0.2ms)[0m  [1m[34mSELECT "doctors".* FROM "doctors"[0m
  [1m[36mAppointment Load (0.2ms)[0m  [1m[34mSELECT "appointments".* FROM "appointments"[0m
  [1m[36mSpecialty Load (0.2ms)[0m  [1m[34mSELECT "specialties".* FROM "specialties"[0m
  [1m[36mJoinTableSpecialtyDoctor Load (0.2ms)[0m  [1m[34mSELECT "join_table_specialty_doctors".* FROM "join_table_specialty_doctors"[0m
  [1m[35m (3.9ms)[0m  [1m[34mSELECT sqlite_version(*)[0m
  [1m[36mDoctor Load (2.6ms)[0m  [1m[34mSELECT "doctors".* FROM "doctors"[0m
  [1m[36mPatient Load (2.4ms)[0m  [1m[34mSELECT "patients".* FROM "patients"[0m
  [1m[36mAppointment Load (2.4ms)[0m  [1m[34mSELECT "appointments".* FROM "appointments"[0m
